{"C:\\Users\\kulka\\OneDrive\\Desktop\\prompt wars\\src\\App.tsx": {"path":"C:\\Users\\kulka\\OneDrive\\Desktop\\prompt wars\\src\\App.tsx","statementMap":{"0":{"start":{"line":14,"column":6},"end":{"line":14,"column":null}},"1":{"start":{"line":14,"column":29},"end":{"line":14,"column":null}},"2":{"start":{"line":15,"column":6},"end":{"line":15,"column":null}},"3":{"start":{"line":15,"column":30},"end":{"line":15,"column":null}},"4":{"start":{"line":16,"column":6},"end":{"line":16,"column":null}},"5":{"start":{"line":16,"column":28},"end":{"line":16,"column":null}},"6":{"start":{"line":17,"column":6},"end":{"line":17,"column":null}},"7":{"start":{"line":17,"column":35},"end":{"line":17,"column":null}},"8":{"start":{"line":20,"column":6},"end":{"line":29,"column":null}},"9":{"start":{"line":21,"column":2},"end":{"line":29,"column":null}},"10":{"start":{"line":33,"column":2},"end":{"line":49,"column":null}}},"fnMap":{"0":{"name":"(anonymous_0)","decl":{"start":{"line":14,"column":18},"end":{"line":14,"column":29}},"loc":{"start":{"line":14,"column":29},"end":{"line":14,"column":null}},"line":14},"1":{"name":"(anonymous_1)","decl":{"start":{"line":15,"column":19},"end":{"line":15,"column":30}},"loc":{"start":{"line":15,"column":30},"end":{"line":15,"column":null}},"line":15},"2":{"name":"(anonymous_2)","decl":{"start":{"line":16,"column":17},"end":{"line":16,"column":28}},"loc":{"start":{"line":16,"column":28},"end":{"line":16,"column":null}},"line":16},"3":{"name":"(anonymous_3)","decl":{"start":{"line":17,"column":24},"end":{"line":17,"column":35}},"loc":{"start":{"line":17,"column":35},"end":{"line":17,"column":null}},"line":17},"4":{"name":"(anonymous_4)","decl":{"start":{"line":20,"column":6},"end":{"line":20,"column":null}},"loc":{"start":{"line":21,"column":2},"end":{"line":29,"column":null}},"line":21},"5":{"name":"App","decl":{"start":{"line":32,"column":9},"end":{"line":32,"column":15}},"loc":{"start":{"line":32,"column":15},"end":{"line":51,"column":null}},"line":32}},"branchMap":{},"s":{"0":0,"1":0,"2":0,"3":0,"4":0,"5":0,"6":0,"7":0,"8":0,"9":0,"10":0},"f":{"0":0,"1":0,"2":0,"3":0,"4":0,"5":0},"b":{},"meta":{"lastBranch":0,"lastFunction":6,"lastStatement":11,"seen":{"s:14:6:14:Infinity":0,"f:14:18:14:29":0,"s:14:29:14:Infinity":1,"s:15:6:15:Infinity":2,"f:15:19:15:30":1,"s:15:30:15:Infinity":3,"s:16:6:16:Infinity":4,"f:16:17:16:28":2,"s:16:28:16:Infinity":5,"s:17:6:17:Infinity":6,"f:17:24:17:35":3,"s:17:35:17:Infinity":7,"s:20:6:29:Infinity":8,"f:20:6:20:Infinity":4,"s:21:2:29:Infinity":9,"f:32:9:32:15":5,"s:33:2:49:Infinity":10},"fnNames":{}}}
,"C:\\Users\\kulka\\OneDrive\\Desktop\\prompt wars\\src\\main.tsx": {"path":"C:\\Users\\kulka\\OneDrive\\Desktop\\prompt wars\\src\\main.tsx","statementMap":{"0":{"start":{"line":14,"column":20},"end":{"line":14,"column":null}},"1":{"start":{"line":15,"column":0},"end":{"line":17,"column":null}},"2":{"start":{"line":16,"column":2},"end":{"line":16,"column":null}},"3":{"start":{"line":21,"column":0},"end":{"line":25,"column":null}}},"fnMap":{},"branchMap":{"0":{"loc":{"start":{"line":15,"column":0},"end":{"line":17,"column":null}},"type":"if","locations":[{"start":{"line":15,"column":0},"end":{"line":17,"column":null}},{"start":{},"end":{}}],"line":15}},"s":{"0":0,"1":0,"2":0,"3":0},"f":{},"b":{"0":[0,0]},"meta":{"lastBranch":1,"lastFunction":0,"lastStatement":4,"seen":{"s:14:20:14:Infinity":0,"b:15:0:17:Infinity:undefined:undefined:undefined:undefined":0,"s:15:0:17:Infinity":1,"s:16:2:16:Infinity":2,"s:21:0:25:Infinity":3},"fnNames":{}}}
,"C:\\Users\\kulka\\OneDrive\\Desktop\\prompt wars\\src\\components\\atoms\\Badge\\Badge.tsx": {"path":"C:\\Users\\kulka\\OneDrive\\Desktop\\prompt wars\\src\\components\\atoms\\Badge\\Badge.tsx","statementMap":{"0":{"start":{"line":23,"column":6},"end":{"line":40,"column":null}},"1":{"start":{"line":27,"column":18},"end":{"line":32,"column":null}},"2":{"start":{"line":34,"column":2},"end":{"line":38,"column":null}}},"fnMap":{"0":{"name":"Badge","decl":{"start":{"line":23,"column":63},"end":{"line":23,"column":null}},"loc":{"start":{"line":26,"column":2},"end":{"line":40,"column":1}},"line":26}},"branchMap":{"0":{"loc":{"start":{"line":24,"column":4},"end":{"line":24,"column":25}},"type":"default-arg","locations":[{"start":{"line":24,"column":14},"end":{"line":24,"column":25}}],"line":24},"1":{"loc":{"start":{"line":24,"column":31},"end":{"line":24,"column":46}},"type":"default-arg","locations":[{"start":{"line":24,"column":40},"end":{"line":24,"column":46}}],"line":24},"2":{"loc":{"start":{"line":24,"column":46},"end":{"line":24,"column":62}},"type":"default-arg","locations":[{"start":{"line":24,"column":58},"end":{"line":24,"column":62}}],"line":24},"3":{"loc":{"start":{"line":30,"column":4},"end":{"line":30,"column":null}},"type":"cond-expr","locations":[{"start":{"line":30,"column":13},"end":{"line":30,"column":29}},{"start":{"line":30,"column":29},"end":{"line":30,"column":null}}],"line":30},"4":{"loc":{"start":{"line":36,"column":7},"end":{"line":37,"column":7}},"type":"binary-expr","locations":[{"start":{"line":36,"column":7},"end":{"line":36,"column":15}},{"start":{"line":36,"column":15},"end":{"line":37,"column":7}}],"line":36}},"s":{"0":2,"1":31,"2":31},"f":{"0":31},"b":{"0":[31],"1":[31],"2":[31],"3":[19,12],"4":[31,7]},"meta":{"lastBranch":5,"lastFunction":1,"lastStatement":3,"seen":{"s:23:6:40:Infinity":0,"f:23:63:23:Infinity":0,"b:24:14:24:25":0,"b:24:40:24:46":1,"b:24:58:24:62":2,"s:27:18:32:Infinity":1,"b:30:13:30:29:30:29:30:Infinity":3,"s:34:2:38:Infinity":2,"b:36:7:36:15:36:15:37:7":4},"fnNames":{}}}
,"C:\\Users\\kulka\\OneDrive\\Desktop\\prompt wars\\src\\components\\atoms\\Badge\\index.ts": {"path":"C:\\Users\\kulka\\OneDrive\\Desktop\\prompt wars\\src\\components\\atoms\\Badge\\index.ts","statementMap":{},"fnMap":{},"branchMap":{},"s":{},"f":{},"b":{},"meta":{"lastBranch":0,"lastFunction":0,"lastStatement":0,"seen":{},"fnNames":{}}}
,"C:\\Users\\kulka\\OneDrive\\Desktop\\prompt wars\\src\\components\\atoms\\Button\\Button.tsx": {"path":"C:\\Users\\kulka\\OneDrive\\Desktop\\prompt wars\\src\\components\\atoms\\Button\\Button.tsx","statementMap":{"0":{"start":{"line":45,"column":6},"end":{"line":101,"column":null}},"1":{"start":{"line":58,"column":21},"end":{"line":65,"column":null}},"2":{"start":{"line":68,"column":8},"end":{"line":74,"column":null}},"3":{"start":{"line":70,"column":6},"end":{"line":70,"column":null}},"4":{"start":{"line":70,"column":33},"end":{"line":70,"column":null}},"5":{"start":{"line":71,"column":6},"end":{"line":71,"column":null}},"6":{"start":{"line":76,"column":2},"end":{"line":99,"column":null}}},"fnMap":{"0":{"name":"Button","decl":{"start":{"line":45,"column":29},"end":{"line":45,"column":36}},"loc":{"start":{"line":57,"column":16},"end":{"line":101,"column":1}},"line":57},"1":{"name":"(anonymous_1)","decl":{"start":{"line":68,"column":22},"end":{"line":68,"column":null}},"loc":{"start":{"line":69,"column":48},"end":{"line":72,"column":null}},"line":69}},"branchMap":{"0":{"loc":{"start":{"line":46,"column":2},"end":{"line":46,"column":null}},"type":"default-arg","locations":[{"start":{"line":46,"column":12},"end":{"line":46,"column":null}}],"line":46},"1":{"loc":{"start":{"line":47,"column":2},"end":{"line":47,"column":null}},"type":"default-arg","locations":[{"start":{"line":47,"column":9},"end":{"line":47,"column":null}}],"line":47},"2":{"loc":{"start":{"line":48,"column":2},"end":{"line":48,"column":null}},"type":"default-arg","locations":[{"start":{"line":48,"column":14},"end":{"line":48,"column":null}}],"line":48},"3":{"loc":{"start":{"line":51,"column":2},"end":{"line":51,"column":null}},"type":"default-arg","locations":[{"start":{"line":51,"column":14},"end":{"line":51,"column":null}}],"line":51},"4":{"loc":{"start":{"line":53,"column":2},"end":{"line":53,"column":null}},"type":"default-arg","locations":[{"start":{"line":53,"column":14},"end":{"line":53,"column":null}}],"line":53},"5":{"loc":{"start":{"line":62,"column":4},"end":{"line":62,"column":null}},"type":"cond-expr","locations":[{"start":{"line":62,"column":16},"end":{"line":62,"column":35}},{"start":{"line":62,"column":35},"end":{"line":62,"column":null}}],"line":62},"6":{"loc":{"start":{"line":63,"column":4},"end":{"line":63,"column":null}},"type":"cond-expr","locations":[{"start":{"line":63,"column":16},"end":{"line":63,"column":33}},{"start":{"line":63,"column":33},"end":{"line":63,"column":null}}],"line":63},"7":{"loc":{"start":{"line":70,"column":6},"end":{"line":70,"column":null}},"type":"if","locations":[{"start":{"line":70,"column":6},"end":{"line":70,"column":null}},{"start":{},"end":{}}],"line":70},"8":{"loc":{"start":{"line":70,"column":10},"end":{"line":70,"column":33}},"type":"binary-expr","locations":[{"start":{"line":70,"column":10},"end":{"line":70,"column":23}},{"start":{"line":70,"column":23},"end":{"line":70,"column":33}}],"line":70},"9":{"loc":{"start":{"line":79,"column":16},"end":{"line":79,"column":null}},"type":"binary-expr","locations":[{"start":{"line":79,"column":16},"end":{"line":79,"column":28}},{"start":{"line":79,"column":28},"end":{"line":79,"column":null}}],"line":79},"10":{"loc":{"start":{"line":81,"column":17},"end":{"line":81,"column":null}},"type":"binary-expr","locations":[{"start":{"line":81,"column":17},"end":{"line":81,"column":30}},{"start":{"line":81,"column":30},"end":{"line":81,"column":null}}],"line":81},"11":{"loc":{"start":{"line":82,"column":21},"end":{"line":82,"column":null}},"type":"binary-expr","locations":[{"start":{"line":82,"column":21},"end":{"line":82,"column":33}},{"start":{"line":82,"column":33},"end":{"line":82,"column":46}},{"start":{"line":82,"column":46},"end":{"line":82,"column":null}}],"line":82},"12":{"loc":{"start":{"line":85,"column":7},"end":{"line":90,"column":null}},"type":"binary-expr","locations":[{"start":{"line":85,"column":7},"end":{"line":85,"column":null}},{"start":{"line":86,"column":8},"end":{"line":90,"column":null}}],"line":85},"13":{"loc":{"start":{"line":92,"column":7},"end":{"line":93,"column":null}},"type":"binary-expr","locations":[{"start":{"line":92,"column":7},"end":{"line":92,"column":19}},{"start":{"line":92,"column":19},"end":{"line":92,"column":null}},{"start":{"line":93,"column":8},"end":{"line":93,"column":null}}],"line":92},"14":{"loc":{"start":{"line":96,"column":7},"end":{"line":97,"column":null}},"type":"binary-expr","locations":[{"start":{"line":96,"column":7},"end":{"line":96,"column":null}},{"start":{"line":97,"column":8},"end":{"line":97,"column":null}}],"line":96}},"s":{"0":4,"1":49,"2":49,"3":12,"4":0,"5":12,"6":49},"f":{"0":49,"1":12},"b":{"0":[49],"1":[49],"2":[49],"3":[49],"4":[49],"5":[0,49],"6":[2,47],"7":[0,12],"8":[12,12],"9":[49,43],"10":[49,47],"11":[49,43,41],"12":[49,2],"13":[49,41,39],"14":[49,7]},"meta":{"lastBranch":15,"lastFunction":2,"lastStatement":7,"seen":{"s:45:6:101:Infinity":0,"f:45:29:45:36":0,"b:46:12:46:Infinity":0,"b:47:9:47:Infinity":1,"b:48:14:48:Infinity":2,"b:51:14:51:Infinity":3,"b:53:14:53:Infinity":4,"s:58:21:65:Infinity":1,"b:62:16:62:35:62:35:62:Infinity":5,"b:63:16:63:33:63:33:63:Infinity":6,"s:68:8:74:Infinity":2,"f:68:22:68:Infinity":1,"b:70:6:70:Infinity:undefined:undefined:undefined:undefined":7,"s:70:6:70:Infinity":3,"b:70:10:70:23:70:23:70:33":8,"s:70:33:70:Infinity":4,"s:71:6:71:Infinity":5,"s:76:2:99:Infinity":6,"b:79:16:79:28:79:28:79:Infinity":9,"b:81:17:81:30:81:30:81:Infinity":10,"b:82:21:82:33:82:33:82:46:82:46:82:Infinity":11,"b:85:7:85:Infinity:86:8:90:Infinity":12,"b:92:7:92:19:92:19:92:Infinity:93:8:93:Infinity":13,"b:96:7:96:Infinity:97:8:97:Infinity":14},"fnNames":{}}}
,"C:\\Users\\kulka\\OneDrive\\Desktop\\prompt wars\\src\\components\\atoms\\Button\\index.ts": {"path":"C:\\Users\\kulka\\OneDrive\\Desktop\\prompt wars\\src\\components\\atoms\\Button\\index.ts","statementMap":{},"fnMap":{},"branchMap":{},"s":{},"f":{},"b":{},"meta":{"lastBranch":0,"lastFunction":0,"lastStatement":0,"seen":{},"fnNames":{}}}
,"C:\\Users\\kulka\\OneDrive\\Desktop\\prompt wars\\src\\components\\atoms\\Card\\Card.tsx": {"path":"C:\\Users\\kulka\\OneDrive\\Desktop\\prompt wars\\src\\components\\atoms\\Card\\Card.tsx","statementMap":{"0":{"start":{"line":24,"column":6},"end":{"line":50,"column":null}},"1":{"start":{"line":36,"column":18},"end":{"line":43,"column":null}},"2":{"start":{"line":45,"column":2},"end":{"line":48,"column":null}}},"fnMap":{"0":{"name":"Card","decl":{"start":{"line":24,"column":60},"end":{"line":24,"column":null}},"loc":{"start":{"line":35,"column":2},"end":{"line":50,"column":1}},"line":35}},"branchMap":{"0":{"loc":{"start":{"line":26,"column":4},"end":{"line":26,"column":null}},"type":"default-arg","locations":[{"start":{"line":26,"column":12},"end":{"line":26,"column":null}}],"line":26},"1":{"loc":{"start":{"line":27,"column":4},"end":{"line":27,"column":null}},"type":"default-arg","locations":[{"start":{"line":27,"column":16},"end":{"line":27,"column":null}}],"line":27},"2":{"loc":{"start":{"line":28,"column":4},"end":{"line":28,"column":null}},"type":"default-arg","locations":[{"start":{"line":28,"column":14},"end":{"line":28,"column":null}}],"line":28},"3":{"loc":{"start":{"line":29,"column":4},"end":{"line":29,"column":null}},"type":"default-arg","locations":[{"start":{"line":29,"column":17},"end":{"line":29,"column":null}}],"line":29},"4":{"loc":{"start":{"line":30,"column":4},"end":{"line":30,"column":null}},"type":"default-arg","locations":[{"start":{"line":30,"column":16},"end":{"line":30,"column":null}}],"line":30},"5":{"loc":{"start":{"line":38,"column":4},"end":{"line":38,"column":null}},"type":"cond-expr","locations":[{"start":{"line":38,"column":12},"end":{"line":38,"column":27}},{"start":{"line":38,"column":27},"end":{"line":38,"column":null}}],"line":38},"6":{"loc":{"start":{"line":39,"column":4},"end":{"line":39,"column":null}},"type":"cond-expr","locations":[{"start":{"line":39,"column":16},"end":{"line":39,"column":35}},{"start":{"line":39,"column":35},"end":{"line":39,"column":null}}],"line":39},"7":{"loc":{"start":{"line":41,"column":4},"end":{"line":41,"column":null}},"type":"cond-expr","locations":[{"start":{"line":41,"column":17},"end":{"line":41,"column":37}},{"start":{"line":41,"column":37},"end":{"line":41,"column":null}}],"line":41}},"s":{"0":4,"1":46,"2":46},"f":{"0":46},"b":{"0":[46],"1":[46],"2":[46],"3":[46],"4":[46],"5":[0,46],"6":[11,35],"7":[0,46]},"meta":{"lastBranch":8,"lastFunction":1,"lastStatement":3,"seen":{"s:24:6:50:Infinity":0,"f:24:60:24:Infinity":0,"b:26:12:26:Infinity":0,"b:27:16:27:Infinity":1,"b:28:14:28:Infinity":2,"b:29:17:29:Infinity":3,"b:30:16:30:Infinity":4,"s:36:18:43:Infinity":1,"b:38:12:38:27:38:27:38:Infinity":5,"b:39:16:39:35:39:35:39:Infinity":6,"b:41:17:41:37:41:37:41:Infinity":7,"s:45:2:48:Infinity":2},"fnNames":{}}}
,"C:\\Users\\kulka\\OneDrive\\Desktop\\prompt wars\\src\\components\\atoms\\Card\\index.ts": {"path":"C:\\Users\\kulka\\OneDrive\\Desktop\\prompt wars\\src\\components\\atoms\\Card\\index.ts","statementMap":{},"fnMap":{},"branchMap":{},"s":{},"f":{},"b":{},"meta":{"lastBranch":0,"lastFunction":0,"lastStatement":0,"seen":{},"fnNames":{}}}
,"C:\\Users\\kulka\\OneDrive\\Desktop\\prompt wars\\src\\components\\atoms\\Input\\Input.tsx": {"path":"C:\\Users\\kulka\\OneDrive\\Desktop\\prompt wars\\src\\components\\atoms\\Input\\Input.tsx","statementMap":{"0":{"start":{"line":27,"column":6},"end":{"line":100,"column":null}},"1":{"start":{"line":42,"column":8},"end":{"line":42,"column":null}},"2":{"start":{"line":43,"column":13},"end":{"line":43,"column":null}},"3":{"start":{"line":44,"column":18},"end":{"line":44,"column":null}},"4":{"start":{"line":45,"column":19},"end":{"line":45,"column":null}},"5":{"start":{"line":47,"column":27},"end":{"line":51,"column":null}},"6":{"start":{"line":53,"column":23},"end":{"line":58,"column":null}},"7":{"start":{"line":60,"column":2},"end":{"line":98,"column":null}}},"fnMap":{"0":{"name":"Input","decl":{"start":{"line":27,"column":64},"end":{"line":27,"column":null}},"loc":{"start":{"line":41,"column":2},"end":{"line":100,"column":1}},"line":41}},"branchMap":{"0":{"loc":{"start":{"line":34,"column":4},"end":{"line":34,"column":null}},"type":"default-arg","locations":[{"start":{"line":34,"column":16},"end":{"line":34,"column":null}}],"line":34},"1":{"loc":{"start":{"line":35,"column":4},"end":{"line":35,"column":null}},"type":"default-arg","locations":[{"start":{"line":35,"column":16},"end":{"line":35,"column":null}}],"line":35},"2":{"loc":{"start":{"line":43,"column":13},"end":{"line":43,"column":null}},"type":"binary-expr","locations":[{"start":{"line":43,"column":13},"end":{"line":43,"column":27}},{"start":{"line":43,"column":27},"end":{"line":43,"column":null}}],"line":43},"3":{"loc":{"start":{"line":49,"column":4},"end":{"line":49,"column":null}},"type":"cond-expr","locations":[{"start":{"line":49,"column":16},"end":{"line":49,"column":35}},{"start":{"line":49,"column":35},"end":{"line":49,"column":null}}],"line":49},"4":{"loc":{"start":{"line":55,"column":4},"end":{"line":55,"column":null}},"type":"cond-expr","locations":[{"start":{"line":55,"column":12},"end":{"line":55,"column":30}},{"start":{"line":55,"column":30},"end":{"line":55,"column":null}}],"line":55},"5":{"loc":{"start":{"line":56,"column":4},"end":{"line":56,"column":null}},"type":"cond-expr","locations":[{"start":{"line":56,"column":15},"end":{"line":56,"column":36}},{"start":{"line":56,"column":36},"end":{"line":56,"column":null}}],"line":56},"6":{"loc":{"start":{"line":57,"column":4},"end":{"line":57,"column":null}},"type":"cond-expr","locations":[{"start":{"line":57,"column":16},"end":{"line":57,"column":38}},{"start":{"line":57,"column":38},"end":{"line":57,"column":null}}],"line":57},"7":{"loc":{"start":{"line":64,"column":9},"end":{"line":65,"column":null}},"type":"binary-expr","locations":[{"start":{"line":64,"column":9},"end":{"line":64,"column":21}},{"start":{"line":64,"column":21},"end":{"line":65,"column":null}}],"line":64},"8":{"loc":{"start":{"line":68,"column":9},"end":{"line":68,"column":null}},"type":"binary-expr","locations":[{"start":{"line":68,"column":9},"end":{"line":68,"column":21}},{"start":{"line":68,"column":21},"end":{"line":68,"column":null}}],"line":68},"9":{"loc":{"start":{"line":76,"column":12},"end":{"line":78,"column":null}},"type":"binary-expr","locations":[{"start":{"line":76,"column":12},"end":{"line":78,"column":28}},{"start":{"line":78,"column":28},"end":{"line":78,"column":null}}],"line":76},"10":{"loc":{"start":{"line":76,"column":13},"end":{"line":76,"column":37}},"type":"cond-expr","locations":[{"start":{"line":76,"column":21},"end":{"line":76,"column":31}},{"start":{"line":76,"column":31},"end":{"line":76,"column":37}}],"line":76},"11":{"loc":{"start":{"line":76,"column":37},"end":{"line":76,"column":65}},"type":"cond-expr","locations":[{"start":{"line":76,"column":50},"end":{"line":76,"column":61}},{"start":{"line":76,"column":61},"end":{"line":76,"column":65}}],"line":76},"12":{"loc":{"start":{"line":84,"column":9},"end":{"line":84,"column":null}},"type":"binary-expr","locations":[{"start":{"line":84,"column":9},"end":{"line":84,"column":22}},{"start":{"line":84,"column":22},"end":{"line":84,"column":null}}],"line":84},"13":{"loc":{"start":{"line":87,"column":7},"end":{"line":90,"column":null}},"type":"binary-expr","locations":[{"start":{"line":87,"column":7},"end":{"line":87,"column":null}},{"start":{"line":88,"column":8},"end":{"line":90,"column":null}}],"line":87},"14":{"loc":{"start":{"line":93,"column":7},"end":{"line":96,"column":null}},"type":"binary-expr","locations":[{"start":{"line":93,"column":7},"end":{"line":93,"column":21}},{"start":{"line":93,"column":21},"end":{"line":93,"column":null}},{"start":{"line":94,"column":8},"end":{"line":96,"column":null}}],"line":93}},"s":{"0":0,"1":0,"2":0,"3":0,"4":0,"5":0,"6":0,"7":0},"f":{"0":0},"b":{"0":[0],"1":[0],"2":[0,0],"3":[0,0],"4":[0,0],"5":[0,0],"6":[0,0],"7":[0,0],"8":[0,0],"9":[0,0],"10":[0,0],"11":[0,0],"12":[0,0],"13":[0,0],"14":[0,0,0]},"meta":{"lastBranch":15,"lastFunction":1,"lastStatement":8,"seen":{"s:27:6:100:Infinity":0,"f:27:64:27:Infinity":0,"b:34:16:34:Infinity":0,"b:35:16:35:Infinity":1,"s:42:8:42:Infinity":1,"s:43:13:43:Infinity":2,"b:43:13:43:27:43:27:43:Infinity":2,"s:44:18:44:Infinity":3,"s:45:19:45:Infinity":4,"s:47:27:51:Infinity":5,"b:49:16:49:35:49:35:49:Infinity":3,"s:53:23:58:Infinity":6,"b:55:12:55:30:55:30:55:Infinity":4,"b:56:15:56:36:56:36:56:Infinity":5,"b:57:16:57:38:57:38:57:Infinity":6,"s:60:2:98:Infinity":7,"b:64:9:64:21:64:21:65:Infinity":7,"b:68:9:68:21:68:21:68:Infinity":8,"b:76:12:78:28:78:28:78:Infinity":9,"b:76:21:76:31:76:31:76:37":10,"b:76:50:76:61:76:61:76:65":11,"b:84:9:84:22:84:22:84:Infinity":12,"b:87:7:87:Infinity:88:8:90:Infinity":13,"b:93:7:93:21:93:21:93:Infinity:94:8:96:Infinity":14},"fnNames":{}}}
,"C:\\Users\\kulka\\OneDrive\\Desktop\\prompt wars\\src\\components\\atoms\\Input\\index.ts": {"path":"C:\\Users\\kulka\\OneDrive\\Desktop\\prompt wars\\src\\components\\atoms\\Input\\index.ts","statementMap":{},"fnMap":{},"branchMap":{},"s":{},"f":{},"b":{},"meta":{"lastBranch":0,"lastFunction":0,"lastStatement":0,"seen":{},"fnNames":{}}}
,"C:\\Users\\kulka\\OneDrive\\Desktop\\prompt wars\\src\\components\\atoms\\ProgressBar\\ProgressBar.tsx": {"path":"C:\\Users\\kulka\\OneDrive\\Desktop\\prompt wars\\src\\components\\atoms\\ProgressBar\\ProgressBar.tsx","statementMap":{"0":{"start":{"line":27,"column":6},"end":{"line":88,"column":null}},"1":{"start":{"line":40,"column":8},"end":{"line":40,"column":null}},"2":{"start":{"line":41,"column":18},"end":{"line":41,"column":null}},"3":{"start":{"line":44,"column":23},"end":{"line":44,"column":null}},"4":{"start":{"line":45,"column":21},"end":{"line":45,"column":null}},"5":{"start":{"line":47,"column":27},"end":{"line":50,"column":null}},"6":{"start":{"line":52,"column":23},"end":{"line":55,"column":null}},"7":{"start":{"line":57,"column":22},"end":{"line":60,"column":null}},"8":{"start":{"line":62,"column":2},"end":{"line":86,"column":null}}},"fnMap":{"0":{"name":"ProgressBar","decl":{"start":{"line":27,"column":74},"end":{"line":27,"column":null}},"loc":{"start":{"line":39,"column":2},"end":{"line":88,"column":1}},"line":39}},"branchMap":{"0":{"loc":{"start":{"line":30,"column":4},"end":{"line":30,"column":null}},"type":"default-arg","locations":[{"start":{"line":30,"column":10},"end":{"line":30,"column":null}}],"line":30},"1":{"loc":{"start":{"line":31,"column":4},"end":{"line":31,"column":null}},"type":"default-arg","locations":[{"start":{"line":31,"column":14},"end":{"line":31,"column":null}}],"line":31},"2":{"loc":{"start":{"line":32,"column":4},"end":{"line":32,"column":null}},"type":"default-arg","locations":[{"start":{"line":32,"column":11},"end":{"line":32,"column":null}}],"line":32},"3":{"loc":{"start":{"line":33,"column":4},"end":{"line":33,"column":null}},"type":"default-arg","locations":[{"start":{"line":33,"column":16},"end":{"line":33,"column":null}}],"line":33},"4":{"loc":{"start":{"line":35,"column":4},"end":{"line":35,"column":null}},"type":"default-arg","locations":[{"start":{"line":35,"column":16},"end":{"line":35,"column":null}}],"line":35},"5":{"loc":{"start":{"line":64,"column":7},"end":{"line":71,"column":7}},"type":"binary-expr","locations":[{"start":{"line":64,"column":7},"end":{"line":64,"column":null}},{"start":{"line":65,"column":8},"end":{"line":71,"column":7}}],"line":64},"6":{"loc":{"start":{"line":78,"column":20},"end":{"line":78,"column":null}},"type":"cond-expr","locations":[{"start":{"line":78,"column":33},"end":{"line":78,"column":45}},{"start":{"line":78,"column":45},"end":{"line":78,"column":null}}],"line":78},"7":{"loc":{"start":{"line":79,"column":25},"end":{"line":79,"column":null}},"type":"cond-expr","locations":[{"start":{"line":79,"column":37},"end":{"line":79,"column":47}},{"start":{"line":79,"column":47},"end":{"line":79,"column":null}}],"line":79}},"s":{"0":0,"1":0,"2":0,"3":0,"4":0,"5":0,"6":0,"7":0,"8":0},"f":{"0":0},"b":{"0":[0],"1":[0],"2":[0],"3":[0],"4":[0],"5":[0,0],"6":[0,0],"7":[0,0]},"meta":{"lastBranch":8,"lastFunction":1,"lastStatement":9,"seen":{"s:27:6:88:Infinity":0,"f:27:74:27:Infinity":0,"b:30:10:30:Infinity":0,"b:31:14:31:Infinity":1,"b:32:11:32:Infinity":2,"b:33:16:33:Infinity":3,"b:35:16:35:Infinity":4,"s:40:8:40:Infinity":1,"s:41:18:41:Infinity":2,"s:44:23:44:Infinity":3,"s:45:21:45:Infinity":4,"s:47:27:50:Infinity":5,"s:52:23:55:Infinity":6,"s:57:22:60:Infinity":7,"s:62:2:86:Infinity":8,"b:64:7:64:Infinity:65:8:71:7":5,"b:78:33:78:45:78:45:78:Infinity":6,"b:79:37:79:47:79:47:79:Infinity":7},"fnNames":{}}}
,"C:\\Users\\kulka\\OneDrive\\Desktop\\prompt wars\\src\\components\\atoms\\ProgressBar\\index.ts": {"path":"C:\\Users\\kulka\\OneDrive\\Desktop\\prompt wars\\src\\components\\atoms\\ProgressBar\\index.ts","statementMap":{},"fnMap":{},"branchMap":{},"s":{},"f":{},"b":{},"meta":{"lastBranch":0,"lastFunction":0,"lastStatement":0,"seen":{},"fnNames":{}}}
,"C:\\Users\\kulka\\OneDrive\\Desktop\\prompt wars\\src\\components\\atoms\\SkipLink\\SkipLink.tsx": {"path":"C:\\Users\\kulka\\OneDrive\\Desktop\\prompt wars\\src\\components\\atoms\\SkipLink\\SkipLink.tsx","statementMap":{"0":{"start":{"line":19,"column":6},"end":{"line":35,"column":null}},"1":{"start":{"line":23,"column":18},"end":{"line":23,"column":null}},"2":{"start":{"line":25,"column":2},"end":{"line":33,"column":null}}},"fnMap":{"0":{"name":"SkipLink","decl":{"start":{"line":19,"column":71},"end":{"line":19,"column":null}},"loc":{"start":{"line":22,"column":2},"end":{"line":35,"column":1}},"line":22}},"branchMap":{"0":{"loc":{"start":{"line":20,"column":4},"end":{"line":20,"column":31}},"type":"default-arg","locations":[{"start":{"line":20,"column":15},"end":{"line":20,"column":31}}],"line":20},"1":{"loc":{"start":{"line":20,"column":31},"end":{"line":20,"column":47}},"type":"default-arg","locations":[{"start":{"line":20,"column":43},"end":{"line":20,"column":47}}],"line":20},"2":{"loc":{"start":{"line":20,"column":47},"end":{"line":20,"column":82}},"type":"default-arg","locations":[{"start":{"line":20,"column":58},"end":{"line":20,"column":82}}],"line":20}},"s":{"0":0,"1":0,"2":0},"f":{"0":0},"b":{"0":[0],"1":[0],"2":[0]},"meta":{"lastBranch":3,"lastFunction":1,"lastStatement":3,"seen":{"s:19:6:35:Infinity":0,"f:19:71:19:Infinity":0,"b:20:15:20:31":0,"b:20:43:20:47":1,"b:20:58:20:82":2,"s:23:18:23:Infinity":1,"s:25:2:33:Infinity":2},"fnNames":{}}}
,"C:\\Users\\kulka\\OneDrive\\Desktop\\prompt wars\\src\\components\\atoms\\SkipLink\\index.ts": {"path":"C:\\Users\\kulka\\OneDrive\\Desktop\\prompt wars\\src\\components\\atoms\\SkipLink\\index.ts","statementMap":{},"fnMap":{},"branchMap":{},"s":{},"f":{},"b":{},"meta":{"lastBranch":0,"lastFunction":0,"lastStatement":0,"seen":{},"fnNames":{}}}
,"C:\\Users\\kulka\\OneDrive\\Desktop\\prompt wars\\src\\components\\atoms\\Tooltip\\Tooltip.tsx": {"path":"C:\\Users\\kulka\\OneDrive\\Desktop\\prompt wars\\src\\components\\atoms\\Tooltip\\Tooltip.tsx","statementMap":{"0":{"start":{"line":33,"column":20},"end":{"line":33,"column":null}},"1":{"start":{"line":34,"column":23},"end":{"line":34,"column":null}},"2":{"start":{"line":35,"column":8},"end":{"line":35,"column":null}},"3":{"start":{"line":36,"column":8},"end":{"line":36,"column":null}},"4":{"start":{"line":37,"column":20},"end":{"line":37,"column":null}},"5":{"start":{"line":39,"column":8},"end":{"line":43,"column":null}},"6":{"start":{"line":40,"column":4},"end":{"line":42,"column":null}},"7":{"start":{"line":41,"column":6},"end":{"line":41,"column":null}},"8":{"start":{"line":45,"column":8},"end":{"line":54,"column":null}},"9":{"start":{"line":46,"column":4},"end":{"line":46,"column":null}},"10":{"start":{"line":47,"column":4},"end":{"line":47,"column":null}},"11":{"start":{"line":49,"column":4},"end":{"line":53,"column":null}},"12":{"start":{"line":50,"column":6},"end":{"line":52,"column":null}},"13":{"start":{"line":51,"column":8},"end":{"line":51,"column":null}},"14":{"start":{"line":56,"column":8},"end":{"line":63,"column":null}},"15":{"start":{"line":57,"column":4},"end":{"line":57,"column":null}},"16":{"start":{"line":58,"column":4},"end":{"line":58,"column":null}},"17":{"start":{"line":60,"column":4},"end":{"line":62,"column":null}},"18":{"start":{"line":61,"column":6},"end":{"line":61,"column":null}},"19":{"start":{"line":65,"column":2},"end":{"line":67,"column":null}},"20":{"start":{"line":66,"column":4},"end":{"line":66,"column":null}},"21":{"start":{"line":69,"column":8},"end":{"line":73,"column":null}},"22":{"start":{"line":70,"column":4},"end":{"line":72,"column":null}},"23":{"start":{"line":71,"column":6},"end":{"line":71,"column":null}},"24":{"start":{"line":75,"column":27},"end":{"line":78,"column":null}},"25":{"start":{"line":80,"column":25},"end":{"line":84,"column":null}},"26":{"start":{"line":86,"column":2},"end":{"line":103,"column":null}}},"fnMap":{"0":{"name":"Tooltip","decl":{"start":{"line":26,"column":24},"end":{"line":26,"column":32}},"loc":{"start":{"line":32,"column":17},"end":{"line":105,"column":null}},"line":32},"1":{"name":"(anonymous_1)","decl":{"start":{"line":39,"column":21},"end":{"line":39,"column":39}},"loc":{"start":{"line":39,"column":39},"end":{"line":43,"column":5}},"line":39},"2":{"name":"(anonymous_2)","decl":{"start":{"line":45,"column":22},"end":{"line":45,"column":40}},"loc":{"start":{"line":45,"column":40},"end":{"line":54,"column":5}},"line":45},"3":{"name":"(anonymous_3)","decl":{"start":{"line":49,"column":4},"end":{"line":49,"column":32}},"loc":{"start":{"line":49,"column":32},"end":{"line":53,"column":5}},"line":49},"4":{"name":"(anonymous_4)","decl":{"start":{"line":50,"column":27},"end":{"line":50,"column":44}},"loc":{"start":{"line":50,"column":44},"end":{"line":52,"column":9}},"line":50},"5":{"name":"(anonymous_5)","decl":{"start":{"line":56,"column":22},"end":{"line":56,"column":40}},"loc":{"start":{"line":56,"column":40},"end":{"line":63,"column":5}},"line":56},"6":{"name":"(anonymous_6)","decl":{"start":{"line":60,"column":25},"end":{"line":60,"column":42}},"loc":{"start":{"line":60,"column":42},"end":{"line":62,"column":7}},"line":60},"7":{"name":"(anonymous_7)","decl":{"start":{"line":65,"column":2},"end":{"line":65,"column":18}},"loc":{"start":{"line":65,"column":18},"end":{"line":67,"column":5}},"line":65},"8":{"name":"(anonymous_8)","decl":{"start":{"line":69,"column":24},"end":{"line":69,"column":37}},"loc":{"start":{"line":69,"column":64},"end":{"line":73,"column":5}},"line":69}},"branchMap":{"0":{"loc":{"start":{"line":29,"column":2},"end":{"line":29,"column":null}},"type":"default-arg","locations":[{"start":{"line":29,"column":13},"end":{"line":29,"column":null}}],"line":29},"1":{"loc":{"start":{"line":30,"column":2},"end":{"line":30,"column":null}},"type":"default-arg","locations":[{"start":{"line":30,"column":14},"end":{"line":30,"column":null}}],"line":30},"2":{"loc":{"start":{"line":31,"column":2},"end":{"line":31,"column":null}},"type":"default-arg","locations":[{"start":{"line":31,"column":10},"end":{"line":31,"column":null}}],"line":31},"3":{"loc":{"start":{"line":40,"column":4},"end":{"line":42,"column":null}},"type":"if","locations":[{"start":{"line":40,"column":4},"end":{"line":42,"column":null}},{"start":{},"end":{}}],"line":40},"4":{"loc":{"start":{"line":70,"column":4},"end":{"line":72,"column":null}},"type":"if","locations":[{"start":{"line":70,"column":4},"end":{"line":72,"column":null}},{"start":{},"end":{}}],"line":70},"5":{"loc":{"start":{"line":70,"column":8},"end":{"line":70,"column":41}},"type":"binary-expr","locations":[{"start":{"line":70,"column":8},"end":{"line":70,"column":30}},{"start":{"line":70,"column":30},"end":{"line":70,"column":41}}],"line":70},"6":{"loc":{"start":{"line":83,"column":4},"end":{"line":83,"column":null}},"type":"cond-expr","locations":[{"start":{"line":83,"column":16},"end":{"line":83,"column":33}},{"start":{"line":83,"column":33},"end":{"line":83,"column":null}}],"line":83},"7":{"loc":{"start":{"line":94,"column":24},"end":{"line":94,"column":null}},"type":"cond-expr","locations":[{"start":{"line":94,"column":36},"end":{"line":94,"column":48}},{"start":{"line":94,"column":48},"end":{"line":94,"column":null}}],"line":94},"8":{"loc":{"start":{"line":97,"column":7},"end":{"line":103,"column":null}},"type":"binary-expr","locations":[{"start":{"line":97,"column":7},"end":{"line":97,"column":null}},{"start":{"line":98,"column":8},"end":{"line":103,"column":null}}],"line":97}},"s":{"0":5,"1":5,"2":5,"3":5,"4":5,"5":5,"6":3,"7":0,"8":5,"9":0,"10":0,"11":0,"12":0,"13":0,"14":5,"15":0,"16":0,"17":0,"18":0,"19":5,"20":3,"21":5,"22":0,"23":0,"24":5,"25":5,"26":5},"f":{"0":5,"1":3,"2":0,"3":0,"4":0,"5":0,"6":0,"7":3,"8":0},"b":{"0":[5],"1":[5],"2":[5],"3":[0,3],"4":[0,0],"5":[0,0],"6":[0,5],"7":[0,5],"8":[5,0]},"meta":{"lastBranch":9,"lastFunction":9,"lastStatement":27,"seen":{"f:26:24:26:32":0,"b:29:13:29:Infinity":0,"b:30:14:30:Infinity":1,"b:31:10:31:Infinity":2,"s:33:20:33:Infinity":0,"s:34:23:34:Infinity":1,"s:35:8:35:Infinity":2,"s:36:8:36:Infinity":3,"s:37:20:37:Infinity":4,"s:39:8:43:Infinity":5,"f:39:21:39:39":1,"b:40:4:42:Infinity:undefined:undefined:undefined:undefined":3,"s:40:4:42:Infinity":6,"s:41:6:41:Infinity":7,"s:45:8:54:Infinity":8,"f:45:22:45:40":2,"s:46:4:46:Infinity":9,"s:47:4:47:Infinity":10,"s:49:4:53:Infinity":11,"f:49:4:49:32":3,"s:50:6:52:Infinity":12,"f:50:27:50:44":4,"s:51:8:51:Infinity":13,"s:56:8:63:Infinity":14,"f:56:22:56:40":5,"s:57:4:57:Infinity":15,"s:58:4:58:Infinity":16,"s:60:4:62:Infinity":17,"f:60:25:60:42":6,"s:61:6:61:Infinity":18,"s:65:2:67:Infinity":19,"f:65:2:65:18":7,"s:66:4:66:Infinity":20,"s:69:8:73:Infinity":21,"f:69:24:69:37":8,"b:70:4:72:Infinity:undefined:undefined:undefined:undefined":4,"s:70:4:72:Infinity":22,"b:70:8:70:30:70:30:70:41":5,"s:71:6:71:Infinity":23,"s:75:27:78:Infinity":24,"s:80:25:84:Infinity":25,"b:83:16:83:33:83:33:83:Infinity":6,"s:86:2:103:Infinity":26,"b:94:36:94:48:94:48:94:Infinity":7,"b:97:7:97:Infinity:98:8:103:Infinity":8},"fnNames":{}}}
,"C:\\Users\\kulka\\OneDrive\\Desktop\\prompt wars\\src\\components\\atoms\\Tooltip\\index.ts": {"path":"C:\\Users\\kulka\\OneDrive\\Desktop\\prompt wars\\src\\components\\atoms\\Tooltip\\index.ts","statementMap":{},"fnMap":{},"branchMap":{},"s":{},"f":{},"b":{},"meta":{"lastBranch":0,"lastFunction":0,"lastStatement":0,"seen":{},"fnNames":{}}}
,"C:\\Users\\kulka\\OneDrive\\Desktop\\prompt wars\\src\\components\\molecules\\CategorySlider\\CategorySlider.tsx": {"path":"C:\\Users\\kulka\\OneDrive\\Desktop\\prompt wars\\src\\components\\molecules\\CategorySlider\\CategorySlider.tsx","statementMap":{"0":{"start":{"line":36,"column":6},"end":{"line":104,"column":null}},"1":{"start":{"line":48,"column":8},"end":{"line":48,"column":null}},"2":{"start":{"line":49,"column":19},"end":{"line":49,"column":null}},"3":{"start":{"line":50,"column":17},"end":{"line":50,"column":null}},"4":{"start":{"line":52,"column":8},"end":{"line":54,"column":null}},"5":{"start":{"line":53,"column":4},"end":{"line":53,"column":null}},"6":{"start":{"line":57,"column":21},"end":{"line":57,"column":null}},"7":{"start":{"line":59,"column":2},"end":{"line":102,"column":null}}},"fnMap":{"0":{"name":"CategorySlider","decl":{"start":{"line":36,"column":37},"end":{"line":36,"column":52}},"loc":{"start":{"line":47,"column":24},"end":{"line":104,"column":1}},"line":47},"1":{"name":"(anonymous_1)","decl":{"start":{"line":52,"column":8},"end":{"line":52,"column":24}},"loc":{"start":{"line":52,"column":61},"end":{"line":54,"column":null}},"line":52}},"branchMap":{"0":{"loc":{"start":{"line":39,"column":2},"end":{"line":39,"column":null}},"type":"default-arg","locations":[{"start":{"line":39,"column":8},"end":{"line":39,"column":null}}],"line":39},"1":{"loc":{"start":{"line":41,"column":2},"end":{"line":41,"column":null}},"type":"default-arg","locations":[{"start":{"line":41,"column":9},"end":{"line":41,"column":null}}],"line":41},"2":{"loc":{"start":{"line":43,"column":2},"end":{"line":43,"column":null}},"type":"default-arg","locations":[{"start":{"line":43,"column":9},"end":{"line":43,"column":null}}],"line":43},"3":{"loc":{"start":{"line":45,"column":2},"end":{"line":45,"column":null}},"type":"default-arg","locations":[{"start":{"line":45,"column":15},"end":{"line":45,"column":null}}],"line":45},"4":{"loc":{"start":{"line":63,"column":11},"end":{"line":64,"column":null}},"type":"binary-expr","locations":[{"start":{"line":63,"column":11},"end":{"line":63,"column":19}},{"start":{"line":63,"column":19},"end":{"line":64,"column":null}}],"line":63},"5":{"loc":{"start":{"line":68,"column":11},"end":{"line":69,"column":null}},"type":"binary-expr","locations":[{"start":{"line":68,"column":11},"end":{"line":68,"column":19}},{"start":{"line":68,"column":19},"end":{"line":69,"column":null}}],"line":68},"6":{"loc":{"start":{"line":87,"column":28},"end":{"line":87,"column":null}},"type":"cond-expr","locations":[{"start":{"line":87,"column":46},"end":{"line":87,"column":55}},{"start":{"line":87,"column":55},"end":{"line":87,"column":null}}],"line":87},"7":{"loc":{"start":{"line":97,"column":7},"end":{"line":100,"column":null}},"type":"binary-expr","locations":[{"start":{"line":97,"column":7},"end":{"line":97,"column":null}},{"start":{"line":98,"column":8},"end":{"line":100,"column":null}}],"line":97}},"s":{"0":1,"1":19,"2":19,"3":19,"4":19,"5":0,"6":19,"7":19},"f":{"0":19,"1":0},"b":{"0":[19],"1":[19],"2":[19],"3":[19],"4":[19,0],"5":[19,19],"6":[5,14],"7":[19,5]},"meta":{"lastBranch":8,"lastFunction":2,"lastStatement":8,"seen":{"s:36:6:104:Infinity":0,"f:36:37:36:52":0,"b:39:8:39:Infinity":0,"b:41:9:41:Infinity":1,"b:43:9:43:Infinity":2,"b:45:15:45:Infinity":3,"s:48:8:48:Infinity":1,"s:49:19:49:Infinity":2,"s:50:17:50:Infinity":3,"s:52:8:54:Infinity":4,"f:52:8:52:24":1,"s:53:4:53:Infinity":5,"s:57:21:57:Infinity":6,"s:59:2:102:Infinity":7,"b:63:11:63:19:63:19:64:Infinity":4,"b:68:11:68:19:68:19:69:Infinity":5,"b:87:46:87:55:87:55:87:Infinity":6,"b:97:7:97:Infinity:98:8:100:Infinity":7},"fnNames":{}}}
,"C:\\Users\\kulka\\OneDrive\\Desktop\\prompt wars\\src\\components\\molecules\\CategorySlider\\index.ts": {"path":"C:\\Users\\kulka\\OneDrive\\Desktop\\prompt wars\\src\\components\\molecules\\CategorySlider\\index.ts","statementMap":{},"fnMap":{},"branchMap":{},"s":{},"f":{},"b":{},"meta":{"lastBranch":0,"lastFunction":0,"lastStatement":0,"seen":{},"fnNames":{}}}
,"C:\\Users\\kulka\\OneDrive\\Desktop\\prompt wars\\src\\components\\molecules\\GoalCard\\GoalCard.tsx": {"path":"C:\\Users\\kulka\\OneDrive\\Desktop\\prompt wars\\src\\components\\molecules\\GoalCard\\GoalCard.tsx","statementMap":{"0":{"start":{"line":27,"column":6},"end":{"line":115,"column":null}},"1":{"start":{"line":32,"column":19},"end":{"line":32,"column":null}},"2":{"start":{"line":36,"column":24},"end":{"line":36,"column":null}},"3":{"start":{"line":37,"column":2},"end":{"line":48,"column":null}},"4":{"start":{"line":38,"column":4},"end":{"line":38,"column":null}},"5":{"start":{"line":41,"column":19},"end":{"line":41,"column":null}},"6":{"start":{"line":43,"column":21},"end":{"line":43,"column":null}},"7":{"start":{"line":44,"column":27},"end":{"line":44,"column":null}},"8":{"start":{"line":47,"column":4},"end":{"line":47,"column":null}},"9":{"start":{"line":50,"column":21},"end":{"line":50,"column":null}},"10":{"start":{"line":51,"column":20},"end":{"line":51,"column":null}},"11":{"start":{"line":53,"column":8},"end":{"line":55,"column":null}},"12":{"start":{"line":54,"column":4},"end":{"line":54,"column":null}},"13":{"start":{"line":54,"column":17},"end":{"line":54,"column":null}},"14":{"start":{"line":57,"column":2},"end":{"line":113,"column":null}},"15":{"start":{"line":65,"column":8},"end":{"line":68,"column":null}},"16":{"start":{"line":66,"column":10},"end":{"line":66,"column":null}},"17":{"start":{"line":67,"column":10},"end":{"line":67,"column":null}}},"fnMap":{"0":{"name":"GoalCard","decl":{"start":{"line":27,"column":31},"end":{"line":27,"column":40}},"loc":{"start":{"line":31,"column":18},"end":{"line":115,"column":1}},"line":31},"1":{"name":"(anonymous_1)","decl":{"start":{"line":53,"column":8},"end":{"line":53,"column":28}},"loc":{"start":{"line":53,"column":28},"end":{"line":55,"column":null}},"line":53},"2":{"name":"(anonymous_2)","decl":{"start":{"line":64,"column":6},"end":{"line":64,"column":18}},"loc":{"start":{"line":64,"column":45},"end":{"line":69,"column":null}},"line":64}},"branchMap":{"0":{"loc":{"start":{"line":37,"column":2},"end":{"line":48,"column":null}},"type":"if","locations":[{"start":{"line":37,"column":2},"end":{"line":48,"column":null}},{"start":{"line":39,"column":9},"end":{"line":48,"column":null}}],"line":37},"1":{"loc":{"start":{"line":50,"column":21},"end":{"line":50,"column":null}},"type":"binary-expr","locations":[{"start":{"line":50,"column":21},"end":{"line":50,"column":38}},{"start":{"line":50,"column":38},"end":{"line":50,"column":null}}],"line":50},"2":{"loc":{"start":{"line":51,"column":20},"end":{"line":51,"column":null}},"type":"binary-expr","locations":[{"start":{"line":51,"column":20},"end":{"line":51,"column":62}},{"start":{"line":51,"column":62},"end":{"line":51,"column":null}}],"line":51},"3":{"loc":{"start":{"line":54,"column":4},"end":{"line":54,"column":null}},"type":"if","locations":[{"start":{"line":54,"column":4},"end":{"line":54,"column":null}},{"start":{},"end":{}}],"line":54},"4":{"loc":{"start":{"line":62,"column":12},"end":{"line":62,"column":null}},"type":"cond-expr","locations":[{"start":{"line":62,"column":22},"end":{"line":62,"column":33}},{"start":{"line":62,"column":33},"end":{"line":62,"column":null}}],"line":62},"5":{"loc":{"start":{"line":63,"column":16},"end":{"line":63,"column":null}},"type":"cond-expr","locations":[{"start":{"line":63,"column":26},"end":{"line":63,"column":30}},{"start":{"line":63,"column":30},"end":{"line":63,"column":null}}],"line":63},"6":{"loc":{"start":{"line":65,"column":8},"end":{"line":68,"column":null}},"type":"if","locations":[{"start":{"line":65,"column":8},"end":{"line":68,"column":null}},{"start":{},"end":{}}],"line":65},"7":{"loc":{"start":{"line":65,"column":12},"end":{"line":65,"column":61}},"type":"binary-expr","locations":[{"start":{"line":65,"column":12},"end":{"line":65,"column":24}},{"start":{"line":65,"column":24},"end":{"line":65,"column":45}},{"start":{"line":65,"column":45},"end":{"line":65,"column":61}}],"line":65},"8":{"loc":{"start":{"line":77,"column":19},"end":{"line":77,"column":null}},"type":"cond-expr","locations":[{"start":{"line":77,"column":32},"end":{"line":77,"column":44}},{"start":{"line":77,"column":44},"end":{"line":77,"column":null}}],"line":77},"9":{"loc":{"start":{"line":77,"column":44},"end":{"line":77,"column":null}},"type":"cond-expr","locations":[{"start":{"line":77,"column":56},"end":{"line":77,"column":67}},{"start":{"line":77,"column":67},"end":{"line":77,"column":null}}],"line":77},"10":{"loc":{"start":{"line":78,"column":16},"end":{"line":78,"column":null}},"type":"cond-expr","locations":[{"start":{"line":78,"column":29},"end":{"line":78,"column":null}},{"start":{"line":78,"column":58},"end":{"line":78,"column":null}}],"line":78},"11":{"loc":{"start":{"line":80,"column":11},"end":{"line":80,"column":null}},"type":"cond-expr","locations":[{"start":{"line":80,"column":24},"end":{"line":80,"column":37}},{"start":{"line":80,"column":37},"end":{"line":80,"column":null}}],"line":80},"12":{"loc":{"start":{"line":80,"column":37},"end":{"line":80,"column":null}},"type":"cond-expr","locations":[{"start":{"line":80,"column":49},"end":{"line":80,"column":61}},{"start":{"line":80,"column":61},"end":{"line":80,"column":null}}],"line":80},"13":{"loc":{"start":{"line":87,"column":46},"end":{"line":87,"column":null}},"type":"cond-expr","locations":[{"start":{"line":87,"column":59},"end":{"line":87,"column":81}},{"start":{"line":87,"column":81},"end":{"line":87,"column":null}}],"line":87},"14":{"loc":{"start":{"line":100,"column":19},"end":{"line":100,"column":null}},"type":"cond-expr","locations":[{"start":{"line":100,"column":32},"end":{"line":100,"column":44}},{"start":{"line":100,"column":44},"end":{"line":100,"column":null}}],"line":100}},"s":{"0":0,"1":0,"2":0,"3":0,"4":0,"5":0,"6":0,"7":0,"8":0,"9":0,"10":0,"11":0,"12":0,"13":0,"14":0,"15":0,"16":0,"17":0},"f":{"0":0,"1":0,"2":0},"b":{"0":[0,0],"1":[0,0],"2":[0,0],"3":[0,0],"4":[0,0],"5":[0,0],"6":[0,0],"7":[0,0,0],"8":[0,0],"9":[0,0],"10":[0,0],"11":[0,0],"12":[0,0],"13":[0,0],"14":[0,0]},"meta":{"lastBranch":15,"lastFunction":3,"lastStatement":18,"seen":{"s:27:6:115:Infinity":0,"f:27:31:27:40":0,"s:32:19:32:Infinity":1,"s:36:24:36:Infinity":2,"b:37:2:48:Infinity:39:9:48:Infinity":0,"s:37:2:48:Infinity":3,"s:38:4:38:Infinity":4,"s:41:19:41:Infinity":5,"s:43:21:43:Infinity":6,"s:44:27:44:Infinity":7,"s:47:4:47:Infinity":8,"s:50:21:50:Infinity":9,"b:50:21:50:38:50:38:50:Infinity":1,"s:51:20:51:Infinity":10,"b:51:20:51:62:51:62:51:Infinity":2,"s:53:8:55:Infinity":11,"f:53:8:53:28":1,"b:54:4:54:Infinity:undefined:undefined:undefined:undefined":3,"s:54:4:54:Infinity":12,"s:54:17:54:Infinity":13,"s:57:2:113:Infinity":14,"b:62:22:62:33:62:33:62:Infinity":4,"b:63:26:63:30:63:30:63:Infinity":5,"f:64:6:64:18":2,"b:65:8:68:Infinity:undefined:undefined:undefined:undefined":6,"s:65:8:68:Infinity":15,"b:65:12:65:24:65:24:65:45:65:45:65:61":7,"s:66:10:66:Infinity":16,"s:67:10:67:Infinity":17,"b:77:32:77:44:77:44:77:Infinity":8,"b:77:56:77:67:77:67:77:Infinity":9,"b:78:29:78:Infinity:78:58:78:Infinity":10,"b:80:24:80:37:80:37:80:Infinity":11,"b:80:49:80:61:80:61:80:Infinity":12,"b:87:59:87:81:87:81:87:Infinity":13,"b:100:32:100:44:100:44:100:Infinity":14},"fnNames":{}}}
,"C:\\Users\\kulka\\OneDrive\\Desktop\\prompt wars\\src\\components\\molecules\\GoalCard\\index.ts": {"path":"C:\\Users\\kulka\\OneDrive\\Desktop\\prompt wars\\src\\components\\molecules\\GoalCard\\index.ts","statementMap":{},"fnMap":{},"branchMap":{},"s":{},"f":{},"b":{},"meta":{"lastBranch":0,"lastFunction":0,"lastStatement":0,"seen":{},"fnNames":{}}}
,"C:\\Users\\kulka\\OneDrive\\Desktop\\prompt wars\\src\\components\\organisms\\CalculatorForm\\CalculatorForm.tsx": {"path":"C:\\Users\\kulka\\OneDrive\\Desktop\\prompt wars\\src\\components\\organisms\\CalculatorForm\\CalculatorForm.tsx","statementMap":{"0":{"start":{"line":24,"column":10},"end":{"line":24,"column":null}},"1":{"start":{"line":25,"column":8},"end":{"line":25,"column":null}},"2":{"start":{"line":26,"column":15},"end":{"line":26,"column":null}},"3":{"start":{"line":27,"column":23},"end":{"line":27,"column":null}},"4":{"start":{"line":30,"column":24},"end":{"line":30,"column":null}},"5":{"start":{"line":31,"column":21},"end":{"line":31,"column":null}},"6":{"start":{"line":32,"column":20},"end":{"line":32,"column":null}},"7":{"start":{"line":34,"column":19},"end":{"line":34,"column":null}},"8":{"start":{"line":35,"column":22},"end":{"line":35,"column":null}},"9":{"start":{"line":36,"column":20},"end":{"line":36,"column":null}},"10":{"start":{"line":38,"column":25},"end":{"line":38,"column":null}},"11":{"start":{"line":39,"column":27},"end":{"line":39,"column":null}},"12":{"start":{"line":40,"column":28},"end":{"line":40,"column":null}},"13":{"start":{"line":43,"column":20},"end":{"line":43,"column":null}},"14":{"start":{"line":46,"column":2},"end":{"line":68,"column":null}},"15":{"start":{"line":47,"column":10},"end":{"line":52,"column":null}},"16":{"start":{"line":54,"column":10},"end":{"line":58,"column":null}},"17":{"start":{"line":60,"column":10},"end":{"line":65,"column":null}},"18":{"start":{"line":67,"column":4},"end":{"line":67,"column":null}},"19":{"start":{"line":70,"column":8},"end":{"line":70,"column":null}},"20":{"start":{"line":70,"column":27},"end":{"line":70,"column":null}},"21":{"start":{"line":70,"column":43},"end":{"line":70,"column":77}},"22":{"start":{"line":71,"column":8},"end":{"line":71,"column":null}},"23":{"start":{"line":71,"column":27},"end":{"line":71,"column":null}},"24":{"start":{"line":71,"column":43},"end":{"line":71,"column":77}},"25":{"start":{"line":73,"column":8},"end":{"line":127,"column":null}},"26":{"start":{"line":74,"column":4},"end":{"line":74,"column":null}},"27":{"start":{"line":76,"column":4},"end":{"line":126,"column":null}},"28":{"start":{"line":78,"column":31},"end":{"line":83,"column":null}},"29":{"start":{"line":85,"column":25},"end":{"line":89,"column":null}},"30":{"start":{"line":91,"column":26},"end":{"line":96,"column":null}},"31":{"start":{"line":98,"column":12},"end":{"line":98,"column":null}},"32":{"start":{"line":99,"column":12},"end":{"line":99,"column":null}},"33":{"start":{"line":100,"column":12},"end":{"line":100,"column":null}},"34":{"start":{"line":101,"column":12},"end":{"line":101,"column":null}},"35":{"start":{"line":103,"column":33},"end":{"line":113,"column":null}},"36":{"start":{"line":116,"column":6},"end":{"line":116,"column":null}},"37":{"start":{"line":116,"column":35},"end":{"line":116,"column":59}},"38":{"start":{"line":118,"column":6},"end":{"line":118,"column":null}},"39":{"start":{"line":121,"column":6},"end":{"line":121,"column":null}},"40":{"start":{"line":123,"column":6},"end":{"line":123,"column":null}},"41":{"start":{"line":125,"column":6},"end":{"line":125,"column":null}},"42":{"start":{"line":129,"column":2},"end":{"line":321,"column":null}},"43":{"start":{"line":134,"column":10},"end":{"line":142,"column":null}},"44":{"start":{"line":161,"column":33},"end":{"line":161,"column":null}},"45":{"start":{"line":164,"column":18},"end":{"line":164,"column":null}},"46":{"start":{"line":208,"column":33},"end":{"line":208,"column":null}},"47":{"start":{"line":211,"column":18},"end":{"line":211,"column":null}}},"fnMap":{"0":{"name":"CalculatorForm","decl":{"start":{"line":23,"column":24},"end":{"line":23,"column":41}},"loc":{"start":{"line":23,"column":41},"end":{"line":323,"column":null}},"line":23},"1":{"name":"(anonymous_1)","decl":{"start":{"line":46,"column":2},"end":{"line":46,"column":18}},"loc":{"start":{"line":46,"column":18},"end":{"line":68,"column":5}},"line":46},"2":{"name":"(anonymous_2)","decl":{"start":{"line":70,"column":8},"end":{"line":70,"column":27}},"loc":{"start":{"line":70,"column":27},"end":{"line":70,"column":null}},"line":70},"3":{"name":"(anonymous_3)","decl":{"start":{"line":70,"column":27},"end":{"line":70,"column":35}},"loc":{"start":{"line":70,"column":43},"end":{"line":70,"column":77}},"line":70},"4":{"name":"(anonymous_4)","decl":{"start":{"line":71,"column":8},"end":{"line":71,"column":27}},"loc":{"start":{"line":71,"column":27},"end":{"line":71,"column":null}},"line":71},"5":{"name":"(anonymous_5)","decl":{"start":{"line":71,"column":27},"end":{"line":71,"column":35}},"loc":{"start":{"line":71,"column":43},"end":{"line":71,"column":77}},"line":71},"6":{"name":"(anonymous_6)","decl":{"start":{"line":73,"column":35},"end":{"line":73,"column":47}},"loc":{"start":{"line":73,"column":47},"end":{"line":127,"column":5}},"line":73},"7":{"name":"(anonymous_7)","decl":{"start":{"line":116,"column":16},"end":{"line":116,"column":24}},"loc":{"start":{"line":116,"column":35},"end":{"line":116,"column":59}},"line":116},"8":{"name":"(anonymous_8)","decl":{"start":{"line":133,"column":19},"end":{"line":133,"column":24}},"loc":{"start":{"line":134,"column":10},"end":{"line":142,"column":null}},"line":134},"9":{"name":"(anonymous_9)","decl":{"start":{"line":161,"column":16},"end":{"line":161,"column":27}},"loc":{"start":{"line":161,"column":33},"end":{"line":161,"column":null}},"line":161},"10":{"name":"(anonymous_10)","decl":{"start":{"line":163,"column":50},"end":{"line":163,"column":55}},"loc":{"start":{"line":164,"column":18},"end":{"line":164,"column":null}},"line":164},"11":{"name":"(anonymous_11)","decl":{"start":{"line":208,"column":16},"end":{"line":208,"column":27}},"loc":{"start":{"line":208,"column":33},"end":{"line":208,"column":null}},"line":208},"12":{"name":"(anonymous_12)","decl":{"start":{"line":210,"column":45},"end":{"line":210,"column":50}},"loc":{"start":{"line":211,"column":18},"end":{"line":211,"column":null}},"line":211}},"branchMap":{"0":{"loc":{"start":{"line":134,"column":52},"end":{"line":134,"column":null}},"type":"cond-expr","locations":[{"start":{"line":134,"column":64},"end":{"line":134,"column":84}},{"start":{"line":134,"column":84},"end":{"line":134,"column":null}}],"line":134},"1":{"loc":{"start":{"line":135,"column":61},"end":{"line":135,"column":null}},"type":"cond-expr","locations":[{"start":{"line":135,"column":74},"end":{"line":135,"column":83}},{"start":{"line":135,"column":83},"end":{"line":135,"column":null}}],"line":135},"2":{"loc":{"start":{"line":136,"column":15},"end":{"line":136,"column":null}},"type":"cond-expr","locations":[{"start":{"line":136,"column":26},"end":{"line":136,"column":null}},{"start":{"line":136,"column":54},"end":{"line":136,"column":null}}],"line":136},"3":{"loc":{"start":{"line":139,"column":15},"end":{"line":139,"column":null}},"type":"cond-expr","locations":[{"start":{"line":139,"column":25},"end":{"line":139,"column":39}},{"start":{"line":139,"column":39},"end":{"line":139,"column":null}}],"line":139},"4":{"loc":{"start":{"line":139,"column":39},"end":{"line":139,"column":null}},"type":"cond-expr","locations":[{"start":{"line":139,"column":49},"end":{"line":139,"column":58}},{"start":{"line":139,"column":58},"end":{"line":139,"column":null}}],"line":139},"5":{"loc":{"start":{"line":141,"column":13},"end":{"line":141,"column":null}},"type":"binary-expr","locations":[{"start":{"line":141,"column":13},"end":{"line":141,"column":22}},{"start":{"line":141,"column":22},"end":{"line":141,"column":null}}],"line":141},"6":{"loc":{"start":{"line":148,"column":9},"end":{"line":191,"column":null}},"type":"binary-expr","locations":[{"start":{"line":148,"column":9},"end":{"line":148,"column":null}},{"start":{"line":149,"column":10},"end":{"line":191,"column":null}}],"line":148},"7":{"loc":{"start":{"line":195,"column":9},"end":{"line":238,"column":null}},"type":"binary-expr","locations":[{"start":{"line":195,"column":9},"end":{"line":195,"column":null}},{"start":{"line":196,"column":10},"end":{"line":238,"column":null}}],"line":195},"8":{"loc":{"start":{"line":242,"column":9},"end":{"line":281,"column":null}},"type":"binary-expr","locations":[{"start":{"line":242,"column":9},"end":{"line":242,"column":null}},{"start":{"line":243,"column":10},"end":{"line":281,"column":null}}],"line":242},"9":{"loc":{"start":{"line":295,"column":22},"end":{"line":295,"column":null}},"type":"binary-expr","locations":[{"start":{"line":295,"column":22},"end":{"line":295,"column":36}},{"start":{"line":295,"column":36},"end":{"line":295,"column":null}}],"line":295},"10":{"loc":{"start":{"line":301,"column":11},"end":{"line":319,"column":null}},"type":"cond-expr","locations":[{"start":{"line":302,"column":12},"end":{"line":310,"column":13}},{"start":{"line":310,"column":12},"end":{"line":319,"column":null}}],"line":301}},"s":{"0":12,"1":12,"2":12,"3":12,"4":12,"5":12,"6":12,"7":12,"8":12,"9":12,"10":12,"11":12,"12":12,"13":12,"14":12,"15":2,"16":2,"17":2,"18":2,"19":12,"20":5,"21":5,"22":12,"23":1,"24":1,"25":12,"26":2,"27":2,"28":2,"29":2,"30":2,"31":2,"32":2,"33":2,"34":2,"35":2,"36":2,"37":2,"38":0,"39":0,"40":0,"41":0,"42":12,"43":36,"44":0,"45":40,"46":0,"47":12},"f":{"0":12,"1":2,"2":5,"3":5,"4":1,"5":1,"6":2,"7":2,"8":36,"9":0,"10":40,"11":0,"12":12},"b":{"0":[25,11],"1":[12,24],"2":[13,23],"3":[12,24],"4":[12,12],"5":[36,24],"6":[12,4],"7":[12,3],"8":[12,5],"9":[12,8],"10":[7,5]},"meta":{"lastBranch":11,"lastFunction":13,"lastStatement":48,"seen":{"f:23:24:23:41":0,"s:24:10:24:Infinity":0,"s:25:8:25:Infinity":1,"s:26:15:26:Infinity":2,"s:27:23:27:Infinity":3,"s:30:24:30:Infinity":4,"s:31:21:31:Infinity":5,"s:32:20:32:Infinity":6,"s:34:19:34:Infinity":7,"s:35:22:35:Infinity":8,"s:36:20:36:Infinity":9,"s:38:25:38:Infinity":10,"s:39:27:39:Infinity":11,"s:40:28:40:Infinity":12,"s:43:20:43:Infinity":13,"s:46:2:68:Infinity":14,"f:46:2:46:18":1,"s:47:10:52:Infinity":15,"s:54:10:58:Infinity":16,"s:60:10:65:Infinity":17,"s:67:4:67:Infinity":18,"s:70:8:70:Infinity":19,"f:70:8:70:27":2,"s:70:27:70:Infinity":20,"f:70:27:70:35":3,"s:70:43:70:77":21,"s:71:8:71:Infinity":22,"f:71:8:71:27":4,"s:71:27:71:Infinity":23,"f:71:27:71:35":5,"s:71:43:71:77":24,"s:73:8:127:Infinity":25,"f:73:35:73:47":6,"s:74:4:74:Infinity":26,"s:76:4:126:Infinity":27,"s:78:31:83:Infinity":28,"s:85:25:89:Infinity":29,"s:91:26:96:Infinity":30,"s:98:12:98:Infinity":31,"s:99:12:99:Infinity":32,"s:100:12:100:Infinity":33,"s:101:12:101:Infinity":34,"s:103:33:113:Infinity":35,"s:116:6:116:Infinity":36,"f:116:16:116:24":7,"s:116:35:116:59":37,"s:118:6:118:Infinity":38,"s:121:6:121:Infinity":39,"s:123:6:123:Infinity":40,"s:125:6:125:Infinity":41,"s:129:2:321:Infinity":42,"f:133:19:133:24":8,"s:134:10:142:Infinity":43,"b:134:64:134:84:134:84:134:Infinity":0,"b:135:74:135:83:135:83:135:Infinity":1,"b:136:26:136:Infinity:136:54:136:Infinity":2,"b:139:25:139:39:139:39:139:Infinity":3,"b:139:49:139:58:139:58:139:Infinity":4,"b:141:13:141:22:141:22:141:Infinity":5,"b:148:9:148:Infinity:149:10:191:Infinity":6,"f:161:16:161:27":9,"s:161:33:161:Infinity":44,"f:163:50:163:55":10,"s:164:18:164:Infinity":45,"b:195:9:195:Infinity:196:10:238:Infinity":7,"f:208:16:208:27":11,"s:208:33:208:Infinity":46,"f:210:45:210:50":12,"s:211:18:211:Infinity":47,"b:242:9:242:Infinity:243:10:281:Infinity":8,"b:295:22:295:36:295:36:295:Infinity":9,"b:302:12:310:13:310:12:319:Infinity":10},"fnNames":{}}}
,"C:\\Users\\kulka\\OneDrive\\Desktop\\prompt wars\\src\\components\\organisms\\CalculatorForm\\index.ts": {"path":"C:\\Users\\kulka\\OneDrive\\Desktop\\prompt wars\\src\\components\\organisms\\CalculatorForm\\index.ts","statementMap":{},"fnMap":{},"branchMap":{},"s":{},"f":{},"b":{},"meta":{"lastBranch":0,"lastFunction":0,"lastStatement":0,"seen":{},"fnNames":{}}}
,"C:\\Users\\kulka\\OneDrive\\Desktop\\prompt wars\\src\\components\\organisms\\Navbar\\Navbar.tsx": {"path":"C:\\Users\\kulka\\OneDrive\\Desktop\\prompt wars\\src\\components\\organisms\\Navbar\\Navbar.tsx","statementMap":{"0":{"start":{"line":18,"column":27},"end":{"line":18,"column":null}},"1":{"start":{"line":19,"column":19},"end":{"line":19,"column":null}},"2":{"start":{"line":20,"column":8},"end":{"line":20,"column":null}},"3":{"start":{"line":21,"column":17},"end":{"line":21,"column":null}},"4":{"start":{"line":24,"column":2},"end":{"line":31,"column":null}},"5":{"start":{"line":25,"column":10},"end":{"line":27,"column":null}},"6":{"start":{"line":26,"column":6},"end":{"line":26,"column":null}},"7":{"start":{"line":29,"column":4},"end":{"line":29,"column":null}},"8":{"start":{"line":30,"column":4},"end":{"line":30,"column":null}},"9":{"start":{"line":30,"column":17},"end":{"line":30,"column":null}},"10":{"start":{"line":34,"column":2},"end":{"line":36,"column":null}},"11":{"start":{"line":35,"column":4},"end":{"line":35,"column":null}},"12":{"start":{"line":39,"column":2},"end":{"line":48,"column":null}},"13":{"start":{"line":40,"column":4},"end":{"line":44,"column":null}},"14":{"start":{"line":41,"column":6},"end":{"line":41,"column":null}},"15":{"start":{"line":43,"column":6},"end":{"line":43,"column":null}},"16":{"start":{"line":45,"column":4},"end":{"line":47,"column":null}},"17":{"start":{"line":46,"column":6},"end":{"line":46,"column":null}},"18":{"start":{"line":50,"column":19},"end":{"line":55,"column":null}},"19":{"start":{"line":57,"column":2},"end":{"line":164,"column":null}},"20":{"start":{"line":79,"column":16},"end":{"line":90,"column":null}},"21":{"start":{"line":83,"column":22},"end":{"line":83,"column":null}},"22":{"start":{"line":125,"column":29},"end":{"line":125,"column":null}},"23":{"start":{"line":146,"column":16},"end":{"line":158,"column":null}},"24":{"start":{"line":150,"column":22},"end":{"line":150,"column":null}},"25":{"start":{"line":152,"column":35},"end":{"line":152,"column":null}}},"fnMap":{"0":{"name":"Navbar","decl":{"start":{"line":17,"column":24},"end":{"line":17,"column":33}},"loc":{"start":{"line":17,"column":33},"end":{"line":166,"column":null}},"line":17},"1":{"name":"(anonymous_1)","decl":{"start":{"line":24,"column":2},"end":{"line":24,"column":18}},"loc":{"start":{"line":24,"column":18},"end":{"line":31,"column":5}},"line":24},"2":{"name":"(anonymous_2)","decl":{"start":{"line":25,"column":10},"end":{"line":25,"column":31}},"loc":{"start":{"line":25,"column":31},"end":{"line":27,"column":null}},"line":25},"3":{"name":"(anonymous_3)","decl":{"start":{"line":30,"column":4},"end":{"line":30,"column":17}},"loc":{"start":{"line":30,"column":17},"end":{"line":30,"column":null}},"line":30},"4":{"name":"(anonymous_4)","decl":{"start":{"line":34,"column":2},"end":{"line":34,"column":18}},"loc":{"start":{"line":34,"column":18},"end":{"line":36,"column":5}},"line":34},"5":{"name":"(anonymous_5)","decl":{"start":{"line":39,"column":2},"end":{"line":39,"column":18}},"loc":{"start":{"line":39,"column":18},"end":{"line":48,"column":5}},"line":39},"6":{"name":"(anonymous_6)","decl":{"start":{"line":45,"column":4},"end":{"line":45,"column":17}},"loc":{"start":{"line":45,"column":17},"end":{"line":47,"column":null}},"line":45},"7":{"name":"(anonymous_7)","decl":{"start":{"line":78,"column":24},"end":{"line":78,"column":29}},"loc":{"start":{"line":79,"column":16},"end":{"line":90,"column":null}},"line":79},"8":{"name":"(anonymous_8)","decl":{"start":{"line":82,"column":20},"end":{"line":82,"column":32}},"loc":{"start":{"line":83,"column":22},"end":{"line":83,"column":null}},"line":83},"9":{"name":"(anonymous_9)","decl":{"start":{"line":125,"column":14},"end":{"line":125,"column":29}},"loc":{"start":{"line":125,"column":29},"end":{"line":125,"column":null}},"line":125},"10":{"name":"(anonymous_10)","decl":{"start":{"line":145,"column":24},"end":{"line":145,"column":29}},"loc":{"start":{"line":146,"column":16},"end":{"line":158,"column":null}},"line":146},"11":{"name":"(anonymous_11)","decl":{"start":{"line":149,"column":20},"end":{"line":149,"column":32}},"loc":{"start":{"line":150,"column":22},"end":{"line":150,"column":null}},"line":150},"12":{"name":"(anonymous_12)","decl":{"start":{"line":152,"column":20},"end":{"line":152,"column":35}},"loc":{"start":{"line":152,"column":35},"end":{"line":152,"column":null}},"line":152}},"branchMap":{"0":{"loc":{"start":{"line":40,"column":4},"end":{"line":44,"column":null}},"type":"if","locations":[{"start":{"line":40,"column":4},"end":{"line":44,"column":null}},{"start":{"line":42,"column":11},"end":{"line":44,"column":null}}],"line":40},"1":{"loc":{"start":{"line":61,"column":45},"end":{"line":61,"column":null}},"type":"cond-expr","locations":[{"start":{"line":61,"column":56},"end":{"line":61,"column":74}},{"start":{"line":61,"column":74},"end":{"line":61,"column":null}}],"line":61},"2":{"loc":{"start":{"line":83,"column":43},"end":{"line":83,"column":null}},"type":"cond-expr","locations":[{"start":{"line":83,"column":54},"end":{"line":83,"column":70}},{"start":{"line":83,"column":70},"end":{"line":83,"column":null}}],"line":83},"3":{"loc":{"start":{"line":85,"column":34},"end":{"line":85,"column":null}},"type":"cond-expr","locations":[{"start":{"line":85,"column":68},"end":{"line":85,"column":77}},{"start":{"line":85,"column":77},"end":{"line":85,"column":null}}],"line":85},"4":{"loc":{"start":{"line":100,"column":39},"end":{"line":100,"column":76}},"type":"cond-expr","locations":[{"start":{"line":100,"column":59},"end":{"line":100,"column":68}},{"start":{"line":100,"column":68},"end":{"line":100,"column":76}}],"line":100},"5":{"loc":{"start":{"line":101,"column":34},"end":{"line":101,"column":71}},"type":"cond-expr","locations":[{"start":{"line":101,"column":54},"end":{"line":101,"column":63}},{"start":{"line":101,"column":63},"end":{"line":101,"column":71}}],"line":101},"6":{"loc":{"start":{"line":103,"column":15},"end":{"line":118,"column":null}},"type":"cond-expr","locations":[{"start":{"line":104,"column":16},"end":{"line":108,"column":17}},{"start":{"line":108,"column":16},"end":{"line":118,"column":null}}],"line":103},"7":{"loc":{"start":{"line":128,"column":26},"end":{"line":128,"column":null}},"type":"cond-expr","locations":[{"start":{"line":128,"column":45},"end":{"line":128,"column":60}},{"start":{"line":128,"column":60},"end":{"line":128,"column":null}}],"line":128},"8":{"loc":{"start":{"line":130,"column":15},"end":{"line":130,"column":null}},"type":"cond-expr","locations":[{"start":{"line":130,"column":34},"end":{"line":130,"column":53}},{"start":{"line":130,"column":52},"end":{"line":130,"column":null}}],"line":130},"9":{"loc":{"start":{"line":139,"column":43},"end":{"line":139,"column":null}},"type":"cond-expr","locations":[{"start":{"line":139,"column":62},"end":{"line":139,"column":86}},{"start":{"line":139,"column":86},"end":{"line":139,"column":null}}],"line":139},"10":{"loc":{"start":{"line":150,"column":49},"end":{"line":150,"column":null}},"type":"cond-expr","locations":[{"start":{"line":150,"column":60},"end":{"line":150,"column":82}},{"start":{"line":150,"column":82},"end":{"line":150,"column":null}}],"line":150},"11":{"loc":{"start":{"line":153,"column":34},"end":{"line":153,"column":null}},"type":"cond-expr","locations":[{"start":{"line":153,"column":68},"end":{"line":153,"column":77}},{"start":{"line":153,"column":77},"end":{"line":153,"column":null}}],"line":153}},"s":{"0":0,"1":0,"2":0,"3":0,"4":0,"5":0,"6":0,"7":0,"8":0,"9":0,"10":0,"11":0,"12":0,"13":0,"14":0,"15":0,"16":0,"17":0,"18":0,"19":0,"20":0,"21":0,"22":0,"23":0,"24":0,"25":0},"f":{"0":0,"1":0,"2":0,"3":0,"4":0,"5":0,"6":0,"7":0,"8":0,"9":0,"10":0,"11":0,"12":0},"b":{"0":[0,0],"1":[0,0],"2":[0,0],"3":[0,0],"4":[0,0],"5":[0,0],"6":[0,0],"7":[0,0],"8":[0,0],"9":[0,0],"10":[0,0],"11":[0,0]},"meta":{"lastBranch":12,"lastFunction":13,"lastStatement":26,"seen":{"f:17:24:17:33":0,"s:18:27:18:Infinity":0,"s:19:19:19:Infinity":1,"s:20:8:20:Infinity":2,"s:21:17:21:Infinity":3,"s:24:2:31:Infinity":4,"f:24:2:24:18":1,"s:25:10:27:Infinity":5,"f:25:10:25:31":2,"s:26:6:26:Infinity":6,"s:29:4:29:Infinity":7,"s:30:4:30:Infinity":8,"f:30:4:30:17":3,"s:30:17:30:Infinity":9,"s:34:2:36:Infinity":10,"f:34:2:34:18":4,"s:35:4:35:Infinity":11,"s:39:2:48:Infinity":12,"f:39:2:39:18":5,"b:40:4:44:Infinity:42:11:44:Infinity":0,"s:40:4:44:Infinity":13,"s:41:6:41:Infinity":14,"s:43:6:43:Infinity":15,"s:45:4:47:Infinity":16,"f:45:4:45:17":6,"s:46:6:46:Infinity":17,"s:50:19:55:Infinity":18,"s:57:2:164:Infinity":19,"b:61:56:61:74:61:74:61:Infinity":1,"f:78:24:78:29":7,"s:79:16:90:Infinity":20,"f:82:20:82:32":8,"s:83:22:83:Infinity":21,"b:83:54:83:70:83:70:83:Infinity":2,"b:85:68:85:77:85:77:85:Infinity":3,"b:100:59:100:68:100:68:100:76":4,"b:101:54:101:63:101:63:101:71":5,"b:104:16:108:17:108:16:118:Infinity":6,"f:125:14:125:29":9,"s:125:29:125:Infinity":22,"b:128:45:128:60:128:60:128:Infinity":7,"b:130:34:130:53:130:52:130:Infinity":8,"b:139:62:139:86:139:86:139:Infinity":9,"f:145:24:145:29":10,"s:146:16:158:Infinity":23,"f:149:20:149:32":11,"s:150:22:150:Infinity":24,"b:150:60:150:82:150:82:150:Infinity":10,"f:152:20:152:35":12,"s:152:35:152:Infinity":25,"b:153:68:153:77:153:77:153:Infinity":11},"fnNames":{}}}
,"C:\\Users\\kulka\\OneDrive\\Desktop\\prompt wars\\src\\components\\organisms\\Navbar\\index.ts": {"path":"C:\\Users\\kulka\\OneDrive\\Desktop\\prompt wars\\src\\components\\organisms\\Navbar\\index.ts","statementMap":{},"fnMap":{},"branchMap":{},"s":{},"f":{},"b":{},"meta":{"lastBranch":0,"lastFunction":0,"lastStatement":0,"seen":{},"fnNames":{}}}
,"C:\\Users\\kulka\\OneDrive\\Desktop\\prompt wars\\src\\components\\reduce\\ActionCard\\ActionCard.tsx": {"path":"C:\\Users\\kulka\\OneDrive\\Desktop\\prompt wars\\src\\components\\reduce\\ActionCard\\ActionCard.tsx","statementMap":{"0":{"start":{"line":28,"column":6},"end":{"line":108,"column":null}},"1":{"start":{"line":35,"column":15},"end":{"line":35,"column":null}},"2":{"start":{"line":37,"column":22},"end":{"line":37,"column":null}},"3":{"start":{"line":40,"column":55},"end":{"line":40,"column":null}},"4":{"start":{"line":41,"column":2},"end":{"line":42,"column":null}},"5":{"start":{"line":41,"column":52},"end":{"line":41,"column":null}},"6":{"start":{"line":42,"column":7},"end":{"line":42,"column":null}},"7":{"start":{"line":42,"column":57},"end":{"line":42,"column":null}},"8":{"start":{"line":45,"column":22},"end":{"line":45,"column":null}},"9":{"start":{"line":47,"column":2},"end":{"line":106,"column":null}},"10":{"start":{"line":89,"column":31},"end":{"line":89,"column":null}},"11":{"start":{"line":97,"column":31},"end":{"line":97,"column":null}}},"fnMap":{"0":{"name":"ActionCard","decl":{"start":{"line":28,"column":33},"end":{"line":28,"column":44}},"loc":{"start":{"line":33,"column":20},"end":{"line":108,"column":1}},"line":33},"1":{"name":"(anonymous_1)","decl":{"start":{"line":89,"column":16},"end":{"line":89,"column":31}},"loc":{"start":{"line":89,"column":31},"end":{"line":89,"column":null}},"line":89},"2":{"name":"(anonymous_2)","decl":{"start":{"line":97,"column":16},"end":{"line":97,"column":31}},"loc":{"start":{"line":97,"column":31},"end":{"line":97,"column":null}},"line":97}},"branchMap":{"0":{"loc":{"start":{"line":35,"column":15},"end":{"line":35,"column":null}},"type":"cond-expr","locations":[{"start":{"line":35,"column":37},"end":{"line":35,"column":66}},{"start":{"line":35,"column":66},"end":{"line":35,"column":null}}],"line":35},"1":{"loc":{"start":{"line":41,"column":2},"end":{"line":42,"column":null}},"type":"if","locations":[{"start":{"line":41,"column":2},"end":{"line":42,"column":null}},{"start":{"line":42,"column":7},"end":{"line":42,"column":null}}],"line":41},"2":{"loc":{"start":{"line":42,"column":7},"end":{"line":42,"column":null}},"type":"if","locations":[{"start":{"line":42,"column":7},"end":{"line":42,"column":null}},{"start":{},"end":{}}],"line":42},"3":{"loc":{"start":{"line":49,"column":35},"end":{"line":49,"column":null}},"type":"cond-expr","locations":[{"start":{"line":49,"column":49},"end":{"line":49,"column":68}},{"start":{"line":49,"column":68},"end":{"line":49,"column":null}}],"line":49},"4":{"loc":{"start":{"line":68,"column":15},"end":{"line":71,"column":null}},"type":"binary-expr","locations":[{"start":{"line":68,"column":15},"end":{"line":68,"column":null}},{"start":{"line":69,"column":16},"end":{"line":71,"column":null}}],"line":68},"5":{"loc":{"start":{"line":73,"column":15},"end":{"line":76,"column":null}},"type":"binary-expr","locations":[{"start":{"line":73,"column":15},"end":{"line":73,"column":null}},{"start":{"line":74,"column":16},"end":{"line":76,"column":null}}],"line":73},"6":{"loc":{"start":{"line":84,"column":11},"end":{"line":102,"column":null}},"type":"binary-expr","locations":[{"start":{"line":84,"column":11},"end":{"line":84,"column":null}},{"start":{"line":85,"column":12},"end":{"line":102,"column":null}}],"line":84}},"s":{"0":2,"1":12,"2":12,"3":12,"4":12,"5":5,"6":7,"7":7,"8":12,"9":12,"10":1,"11":1},"f":{"0":12,"1":1,"2":1},"b":{"0":[12,0],"1":[5,7],"2":[7,0],"3":[5,7],"4":[12,2],"5":[12,5],"6":[12,7]},"meta":{"lastBranch":7,"lastFunction":3,"lastStatement":12,"seen":{"s:28:6:108:Infinity":0,"f:28:33:28:44":0,"s:35:15:35:Infinity":1,"b:35:37:35:66:35:66:35:Infinity":0,"s:37:22:37:Infinity":2,"s:40:55:40:Infinity":3,"b:41:2:42:Infinity:42:7:42:Infinity":1,"s:41:2:42:Infinity":4,"s:41:52:41:Infinity":5,"b:42:7:42:Infinity:undefined:undefined:undefined:undefined":2,"s:42:7:42:Infinity":6,"s:42:57:42:Infinity":7,"s:45:22:45:Infinity":8,"s:47:2:106:Infinity":9,"b:49:49:49:68:49:68:49:Infinity":3,"b:68:15:68:Infinity:69:16:71:Infinity":4,"b:73:15:73:Infinity:74:16:76:Infinity":5,"b:84:11:84:Infinity:85:12:102:Infinity":6,"f:89:16:89:31":1,"s:89:31:89:Infinity":10,"f:97:16:97:31":2,"s:97:31:97:Infinity":11},"fnNames":{}}}
,"C:\\Users\\kulka\\OneDrive\\Desktop\\prompt wars\\src\\components\\reduce\\ActionCard\\index.ts": {"path":"C:\\Users\\kulka\\OneDrive\\Desktop\\prompt wars\\src\\components\\reduce\\ActionCard\\index.ts","statementMap":{},"fnMap":{},"branchMap":{},"s":{},"f":{},"b":{},"meta":{"lastBranch":0,"lastFunction":0,"lastStatement":0,"seen":{},"fnNames":{}}}
,"C:\\Users\\kulka\\OneDrive\\Desktop\\prompt wars\\src\\components\\reduce\\RecommendationList\\RecommendationList.tsx": {"path":"C:\\Users\\kulka\\OneDrive\\Desktop\\prompt wars\\src\\components\\reduce\\RecommendationList\\RecommendationList.tsx","statementMap":{"0":{"start":{"line":32,"column":6},"end":{"line":133,"column":null}},"1":{"start":{"line":42,"column":23},"end":{"line":44,"column":null}},"2":{"start":{"line":44,"column":34},"end":{"line":44,"column":55}},"3":{"start":{"line":47,"column":21},"end":{"line":47,"column":null}},"4":{"start":{"line":47,"column":46},"end":{"line":47,"column":58}},"5":{"start":{"line":48,"column":24},"end":{"line":48,"column":null}},"6":{"start":{"line":48,"column":49},"end":{"line":48,"column":60}},"7":{"start":{"line":50,"column":2},"end":{"line":131,"column":null}},"8":{"start":{"line":65,"column":31},"end":{"line":65,"column":null}},"9":{"start":{"line":88,"column":29},"end":{"line":88,"column":null}},"10":{"start":{"line":101,"column":12},"end":{"line":108,"column":null}},"11":{"start":{"line":119,"column":14},"end":{"line":126,"column":null}}},"fnMap":{"0":{"name":"RecommendationList","decl":{"start":{"line":32,"column":41},"end":{"line":32,"column":60}},"loc":{"start":{"line":39,"column":28},"end":{"line":133,"column":1}},"line":39},"1":{"name":"(anonymous_1)","decl":{"start":{"line":44,"column":22},"end":{"line":44,"column":29}},"loc":{"start":{"line":44,"column":34},"end":{"line":44,"column":55}},"line":44},"2":{"name":"(anonymous_2)","decl":{"start":{"line":47,"column":34},"end":{"line":47,"column":41}},"loc":{"start":{"line":47,"column":46},"end":{"line":47,"column":58}},"line":47},"3":{"name":"(anonymous_3)","decl":{"start":{"line":48,"column":37},"end":{"line":48,"column":44}},"loc":{"start":{"line":48,"column":49},"end":{"line":48,"column":60}},"line":48},"4":{"name":"(anonymous_4)","decl":{"start":{"line":65,"column":14},"end":{"line":65,"column":25}},"loc":{"start":{"line":65,"column":31},"end":{"line":65,"column":null}},"line":65},"5":{"name":"(anonymous_5)","decl":{"start":{"line":88,"column":14},"end":{"line":88,"column":29}},"loc":{"start":{"line":88,"column":29},"end":{"line":88,"column":null}},"line":88},"6":{"name":"(anonymous_6)","decl":{"start":{"line":100,"column":22},"end":{"line":100,"column":26}},"loc":{"start":{"line":101,"column":12},"end":{"line":108,"column":null}},"line":101},"7":{"name":"(anonymous_7)","decl":{"start":{"line":118,"column":27},"end":{"line":118,"column":31}},"loc":{"start":{"line":119,"column":14},"end":{"line":126,"column":null}},"line":119}},"branchMap":{"0":{"loc":{"start":{"line":36,"column":2},"end":{"line":36,"column":null}},"type":"default-arg","locations":[{"start":{"line":36,"column":11},"end":{"line":36,"column":null}}],"line":36},"1":{"loc":{"start":{"line":38,"column":2},"end":{"line":38,"column":null}},"type":"default-arg","locations":[{"start":{"line":38,"column":20},"end":{"line":38,"column":null}}],"line":38},"2":{"loc":{"start":{"line":42,"column":23},"end":{"line":44,"column":null}},"type":"cond-expr","locations":[{"start":{"line":43,"column":6},"end":{"line":43,"column":null}},{"start":{"line":44,"column":6},"end":{"line":44,"column":null}}],"line":42},"3":{"loc":{"start":{"line":59,"column":9},"end":{"line":75,"column":null}},"type":"binary-expr","locations":[{"start":{"line":59,"column":9},"end":{"line":59,"column":null}},{"start":{"line":60,"column":10},"end":{"line":75,"column":null}}],"line":59},"4":{"loc":{"start":{"line":78,"column":7},"end":{"line":94,"column":null}},"type":"binary-expr","locations":[{"start":{"line":78,"column":7},"end":{"line":78,"column":null}},{"start":{"line":79,"column":8},"end":{"line":94,"column":null}}],"line":78},"5":{"loc":{"start":{"line":85,"column":11},"end":{"line":92,"column":null}},"type":"binary-expr","locations":[{"start":{"line":85,"column":11},"end":{"line":85,"column":31}},{"start":{"line":85,"column":31},"end":{"line":85,"column":null}},{"start":{"line":86,"column":12},"end":{"line":92,"column":null}}],"line":85},"6":{"loc":{"start":{"line":98,"column":7},"end":{"line":110,"column":null}},"type":"binary-expr","locations":[{"start":{"line":98,"column":7},"end":{"line":98,"column":null}},{"start":{"line":99,"column":8},"end":{"line":110,"column":null}}],"line":98},"7":{"loc":{"start":{"line":114,"column":7},"end":{"line":129,"column":null}},"type":"binary-expr","locations":[{"start":{"line":114,"column":7},"end":{"line":114,"column":null}},{"start":{"line":115,"column":8},"end":{"line":129,"column":null}}],"line":114}},"s":{"0":1,"1":5,"2":4,"3":5,"4":7,"5":5,"6":7,"7":5,"8":1,"9":1,"10":3,"11":4},"f":{"0":5,"1":4,"2":7,"3":7,"4":1,"5":1,"6":3,"7":4},"b":{"0":[5],"1":[5],"2":[3,2],"3":[5,2],"4":[5,1],"5":[1,1,1],"6":[5,3],"7":[5,4]},"meta":{"lastBranch":8,"lastFunction":8,"lastStatement":12,"seen":{"s:32:6:133:Infinity":0,"f:32:41:32:60":0,"b:36:11:36:Infinity":0,"b:38:20:38:Infinity":1,"s:42:23:44:Infinity":1,"b:43:6:43:Infinity:44:6:44:Infinity":2,"f:44:22:44:29":1,"s:44:34:44:55":2,"s:47:21:47:Infinity":3,"f:47:34:47:41":2,"s:47:46:47:58":4,"s:48:24:48:Infinity":5,"f:48:37:48:44":3,"s:48:49:48:60":6,"s:50:2:131:Infinity":7,"b:59:9:59:Infinity:60:10:75:Infinity":3,"f:65:14:65:25":4,"s:65:31:65:Infinity":8,"b:78:7:78:Infinity:79:8:94:Infinity":4,"b:85:11:85:31:85:31:85:Infinity:86:12:92:Infinity":5,"f:88:14:88:29":5,"s:88:29:88:Infinity":9,"b:98:7:98:Infinity:99:8:110:Infinity":6,"f:100:22:100:26":6,"s:101:12:108:Infinity":10,"b:114:7:114:Infinity:115:8:129:Infinity":7,"f:118:27:118:31":7,"s:119:14:126:Infinity":11},"fnNames":{}}}
,"C:\\Users\\kulka\\OneDrive\\Desktop\\prompt wars\\src\\components\\reduce\\RecommendationList\\index.ts": {"path":"C:\\Users\\kulka\\OneDrive\\Desktop\\prompt wars\\src\\components\\reduce\\RecommendationList\\index.ts","statementMap":{},"fnMap":{},"branchMap":{},"s":{},"f":{},"b":{},"meta":{"lastBranch":0,"lastFunction":0,"lastStatement":0,"seen":{},"fnNames":{}}}
,"C:\\Users\\kulka\\OneDrive\\Desktop\\prompt wars\\src\\components\\templates\\Layout\\Layout.tsx": {"path":"C:\\Users\\kulka\\OneDrive\\Desktop\\prompt wars\\src\\components\\templates\\Layout\\Layout.tsx","statementMap":{"0":{"start":{"line":19,"column":2},"end":{"line":36,"column":null}}},"fnMap":{"0":{"name":"Layout","decl":{"start":{"line":18,"column":24},"end":{"line":18,"column":31}},"loc":{"start":{"line":18,"column":58},"end":{"line":38,"column":null}},"line":18}},"branchMap":{},"s":{"0":0},"f":{"0":0},"b":{},"meta":{"lastBranch":0,"lastFunction":1,"lastStatement":1,"seen":{"f:18:24:18:31":0,"s:19:2:36:Infinity":0},"fnNames":{}}}
,"C:\\Users\\kulka\\OneDrive\\Desktop\\prompt wars\\src\\components\\templates\\Layout\\index.ts": {"path":"C:\\Users\\kulka\\OneDrive\\Desktop\\prompt wars\\src\\components\\templates\\Layout\\index.ts","statementMap":{},"fnMap":{},"branchMap":{},"s":{},"f":{},"b":{},"meta":{"lastBranch":0,"lastFunction":0,"lastStatement":0,"seen":{},"fnNames":{}}}
[...]
tart":{},"end":{}}],"line":34},"9":{"loc":{"start":{"line":34,"column":6},"end":{"line":34,"column":44}},"type":"binary-expr","locations":[{"start":{"line":34,"column":6},"end":{"line":34,"column":16}},{"start":{"line":34,"column":16},"end":{"line":34,"column":44}}],"line":34},"10":{"loc":{"start":{"line":49,"column":4},"end":{"line":49,"column":null}},"type":"if","locations":[{"start":{"line":49,"column":4},"end":{"line":49,"column":null}},{"start":{},"end":{}}],"line":49},"11":{"loc":{"start":{"line":49,"column":8},"end":{"line":49,"column":37}},"type":"binary-expr","locations":[{"start":{"line":49,"column":8},"end":{"line":49,"column":23}},{"start":{"line":49,"column":23},"end":{"line":49,"column":37}}],"line":49},"12":{"loc":{"start":{"line":50,"column":4},"end":{"line":50,"column":null}},"type":"if","locations":[{"start":{"line":50,"column":4},"end":{"line":50,"column":null}},{"start":{},"end":{}}],"line":50},"13":{"loc":{"start":{"line":50,"column":8},"end":{"line":50,"column":37}},"type":"binary-expr","locations":[{"start":{"line":50,"column":8},"end":{"line":50,"column":24}},{"start":{"line":50,"column":24},"end":{"line":50,"column":37}}],"line":50},"14":{"loc":{"start":{"line":58,"column":2},"end":{"line":58,"column":null}},"type":"if","locations":[{"start":{"line":58,"column":2},"end":{"line":58,"column":null}},{"start":{},"end":{}}],"line":58},"15":{"loc":{"start":{"line":58,"column":6},"end":{"line":58,"column":44}},"type":"binary-expr","locations":[{"start":{"line":58,"column":6},"end":{"line":58,"column":16}},{"start":{"line":58,"column":16},"end":{"line":58,"column":44}}],"line":58},"16":{"loc":{"start":{"line":62,"column":4},"end":{"line":64,"column":null}},"type":"if","locations":[{"start":{"line":62,"column":4},"end":{"line":64,"column":null}},{"start":{},"end":{}}],"line":62}},"s":{"0":71,"1":71,"2":69,"3":2,"4":1,"5":1,"6":67,"7":67,"8":67,"9":31,"10":67,"11":67,"12":67,"13":67,"14":67,"15":26,"16":67,"17":16,"18":67,"19":6,"20":1,"21":12,"22":5,"23":60,"24":5,"25":141,"26":0,"27":141,"28":12,"29":129,"30":5,"31":1,"32":4,"33":4,"34":14,"35":91,"36":14,"37":13,"38":4},"f":{"0":71,"1":67,"2":6,"3":12,"4":60,"5":141,"6":5,"7":14,"8":91},"b":{"0":[69,2],"1":[71,70],"2":[1,1],"3":[2,2],"4":[31,36],"5":[26,41],"6":[16,51],"7":[6],"8":[1,5],"9":[6,6],"10":[0,141],"11":[141,0],"12":[12,129],"13":[141,141],"14":[1,4],"15":[5,5],"16":[13,1]},"meta":{"lastBranch":17,"lastFunction":9,"lastStatement":39,"seen":{"f:3:16:3:31":0,"s:4:65:4:Infinity":0,"b:5:2:7:Infinity:undefined:undefined:undefined:undefined":0,"s:5:2:7:Infinity":1,"b:5:6:5:45:5:45:5:84":1,"s:6:4:6:Infinity":2,"b:8:2:10:Infinity:undefined:undefined:undefined:undefined":2,"s:8:2:10:Infinity":3,"b:8:6:8:45:8:45:8:79":3,"s:9:4:9:Infinity":4,"s:11:2:11:Infinity":5,"f:13:16:13:Infinity":1,"s:17:14:17:Infinity":6,"s:18:22:18:Infinity":7,"b:19:2:21:Infinity:undefined:undefined:undefined:undefined":4,"s:19:2:21:Infinity":8,"s:20:4:20:Infinity":9,"s:22:20:22:Infinity":10,"s:23:22:23:Infinity":11,"s:24:22:24:Infinity":12,"s:25:2:25:Infinity":13,"b:26:2:26:Infinity:undefined:undefined:undefined:undefined":5,"s:26:2:26:Infinity":14,"s:26:44:26:Infinity":15,"b:27:2:27:Infinity:undefined:undefined:undefined:undefined":6,"s:27:2:27:Infinity":16,"s:27:44:27:Infinity":17,"s:28:2:28:Infinity":18,"f:30:16:30:Infinity":2,"b:32:27:32:Infinity":7,"b:34:2:40:Infinity:undefined:undefined:undefined:undefined":8,"s:34:2:40:Infinity":19,"b:34:6:34:16:34:16:34:44":9,"s:35:4:39:Infinity":20,"f:35:36:35:40":3,"s:35:53:39:6":21,"s:41:26:47:Infinity":22,"f:41:51:41:55":4,"s:42:4:46:Infinity":23,"s:48:2:52:Infinity":24,"f:48:25:48:31":5,"b:49:4:49:Infinity:undefined:undefined:undefined:undefined":10,"s:49:4:49:Infinity":25,"b:49:8:49:23:49:23:49:37":11,"s:49:37:49:Infinity":26,"b:50:4:50:Infinity:undefined:undefined:undefined:undefined":12,"s:50:4:50:Infinity":27,"b:50:8:50:24:50:24:50:37":13,"s:50:37:50:Infinity":28,"s:51:4:51:Infinity":29,"f:54:16:54:Infinity":6,"b:58:2:58:Infinity:undefined:undefined:undefined:undefined":14,"s:58:2:58:Infinity":30,"b:58:6:58:16:58:16:58:44":15,"s:58:44:58:Infinity":31,"s:59:23:59:Infinity":32,"s:60:2:65:Infinity":33,"f:60:29:60:37":7,"s:61:16:61:Infinity":34,"f:61:41:61:46":8,"s:61:51:61:62":35,"b:62:4:64:Infinity:undefined:undefined:undefined:undefined":16,"s:62:4:64:Infinity":36,"s:63:6:63:Infinity":37,"s:66:2:66:Infinity":38},"fnNames":{}}}
,"C:\\Users\\kulka\\OneDrive\\Desktop\\prompt wars\\src\\utils\\validators.ts": {"path":"C:\\Users\\kulka\\OneDrive\\Desktop\\prompt wars\\src\\utils\\validators.ts","statementMap":{"0":{"start":{"line":18,"column":26},"end":{"line":18,"column":null}},"1":{"start":{"line":19,"column":23},"end":{"line":19,"column":null}},"2":{"start":{"line":20,"column":23},"end":{"line":20,"column":null}},"3":{"start":{"line":21,"column":51},"end":{"line":23,"column":null}},"4":{"start":{"line":24,"column":46},"end":{"line":26,"column":null}},"5":{"start":{"line":27,"column":50},"end":{"line":29,"column":null}},"6":{"start":{"line":31,"column":19},"end":{"line":31,"column":null}},"7":{"start":{"line":32,"column":18},"end":{"line":32,"column":null}},"8":{"start":{"line":33,"column":2},"end":{"line":33,"column":null}},"9":{"start":{"line":36,"column":2},"end":{"line":41,"column":null}},"10":{"start":{"line":49,"column":14},"end":{"line":49,"column":null}},"11":{"start":{"line":50,"column":2},"end":{"line":52,"column":null}},"12":{"start":{"line":51,"column":4},"end":{"line":51,"column":null}},"13":{"start":{"line":53,"column":2},"end":{"line":53,"column":null}},"14":{"start":{"line":56,"column":2},"end":{"line":56,"column":null}},"15":{"start":{"line":59,"column":2},"end":{"line":59,"column":null}},"16":{"start":{"line":62,"column":2},"end":{"line":62,"column":null}},"17":{"start":{"line":65,"column":2},"end":{"line":65,"column":null}},"18":{"start":{"line":68,"column":2},"end":{"line":68,"column":null}},"19":{"start":{"line":71,"column":2},"end":{"line":71,"column":null}},"20":{"start":{"line":74,"column":2},"end":{"line":74,"column":null}},"21":{"start":{"line":77,"column":2},"end":{"line":79,"column":null}},"22":{"start":{"line":78,"column":4},"end":{"line":78,"column":null}},"23":{"start":{"line":80,"column":17},"end":{"line":80,"column":null}},"24":{"start":{"line":81,"column":2},"end":{"line":83,"column":null}},"25":{"start":{"line":82,"column":4},"end":{"line":82,"column":null}},"26":{"start":{"line":84,"column":29},"end":{"line":84,"column":null}},"27":{"start":{"line":85,"column":2},"end":{"line":88,"column":null}},"28":{"start":{"line":94,"column":2},"end":{"line":96,"column":null}},"29":{"start":{"line":95,"column":4},"end":{"line":95,"column":null}},"30":{"start":{"line":97,"column":14},"end":{"line":97,"column":null}},"31":{"start":{"line":98,"column":2},"end":{"line":106,"column":null}},"32":{"start":{"line":112,"column":2},"end":{"line":114,"column":null}},"33":{"start":{"line":113,"column":4},"end":{"line":113,"column":null}},"34":{"start":{"line":115,"column":14},"end":{"line":115,"column":null}},"35":{"start":{"line":116,"column":2},"end":{"line":122,"column":null}},"36":{"start":{"line":128,"column":2},"end":{"line":130,"column":null}},"37":{"start":{"line":129,"column":4},"end":{"line":129,"column":null}},"38":{"start":{"line":131,"column":14},"end":{"line":131,"column":null}},"39":{"start":{"line":132,"column":2},"end":{"line":140,"column":null}}},"fnMap":{"0":{"name":"sanitizeString","decl":{"start":{"line":30,"column":16},"end":{"line":30,"column":31}},"loc":{"start":{"line":30,"column":54},"end":{"line":34,"column":null}},"line":30},"1":{"name":"escapeHtml","decl":{"start":{"line":35,"column":16},"end":{"line":35,"column":27}},"loc":{"start":{"line":35,"column":48},"end":{"line":42,"column":null}},"line":35},"2":{"name":"sanitizeNumber","decl":{"start":{"line":43,"column":16},"end":{"line":43,"column":null}},"loc":{"start":{"line":48,"column":10},"end":{"line":54,"column":null}},"line":48},"3":{"name":"isValidDistance","decl":{"start":{"line":55,"column":16},"end":{"line":55,"column":32}},"loc":{"start":{"line":55,"column":53},"end":{"line":57,"column":null}},"line":55},"4":{"name":"isValidFrequency","decl":{"start":{"line":58,"column":16},"end":{"line":58,"column":33}},"loc":{"start":{"line":58,"column":56},"end":{"line":60,"column":null}},"line":58},"5":{"name":"isValidElectricity","decl":{"start":{"line":61,"column":16},"end":{"line":61,"column":35}},"loc":{"start":{"line":61,"column":57},"end":{"line":63,"column":null}},"line":61},"6":{"name":"isValidNaturalGas","decl":{"start":{"line":64,"column":16},"end":{"line":64,"column":34}},"loc":{"start":{"line":64,"column":59},"end":{"line":66,"column":null}},"line":64},"7":{"name":"isValidHeatingOil","decl":{"start":{"line":67,"column":16},"end":{"line":67,"column":34}},"loc":{"start":{"line":67,"column":60},"end":{"line":69,"column":null}},"line":67},"8":{"name":"isValidMealsPerDay","decl":{"start":{"line":70,"column":16},"end":{"line":70,"column":35}},"loc":{"start":{"line":70,"column":59},"end":{"line":72,"column":null}},"line":70},"9":{"name":"isValidFoodWaste","decl":{"start":{"line":73,"column":16},"end":{"line":73,"column":33}},"loc":{"start":{"line":73,"column":59},"end":{"line":75,"column":null}},"line":73},"10":{"name":"isValidDateString","decl":{"start":{"line":76,"column":16},"end":{"line":76,"column":34}},"loc":{"start":{"line":76,"column":57},"end":{"line":90,"column":null}},"line":76},"11":{"name":"validateTransportEntry","decl":{"start":{"line":91,"column":16},"end":{"line":91,"column":null}},"loc":{"start":{"line":93,"column":27},"end":{"line":108,"column":null}},"line":93},"12":{"name":"validateDietConfig","decl":{"start":{"line":109,"column":16},"end":{"line":109,"column":null}},"loc":{"start":{"line":111,"column":24},"end":{"line":124,"column":null}},"line":111},"13":{"name":"validateEnergyUsage","decl":{"start":{"line":125,"column":16},"end":{"line":125,"column":null}},"loc":{"start":{"line":127,"column":24},"end":{"line":142,"column":null}},"line":127}},"branchMap":{"0":{"loc":{"start":{"line":49,"column":14},"end":{"line":49,"column":null}},"type":"cond-expr","locations":[{"start":{"line":49,"column":42},"end":{"line":49,"column":50}},{"start":{"line":49,"column":50},"end":{"line":49,"column":null}}],"line":49},"1":{"loc":{"start":{"line":50,"column":2},"end":{"line":52,"column":null}},"type":"if","locations":[{"start":{"line":50,"column":2},"end":{"line":52,"column":null}},{"start":{},"end":{}}],"line":50},"2":{"loc":{"start":{"line":56,"column":9},"end":{"line":56,"column":null}},"type":"binary-expr","locations":[{"start":{"line":56,"column":9},"end":{"line":56,"column":32}},{"start":{"line":56,"column":32},"end":{"line":56,"column":43}},{"start":{"line":56,"column":43},"end":{"line":56,"column":null}}],"line":56},"3":{"loc":{"start":{"line":59,"column":9},"end":{"line":59,"column":null}},"type":"binary-expr","locations":[{"start":{"line":59,"column":9},"end":{"line":59,"column":34}},{"start":{"line":59,"column":34},"end":{"line":59,"column":47}},{"start":{"line":59,"column":47},"end":{"line":59,"column":null}}],"line":59},"4":{"loc":{"start":{"line":62,"column":9},"end":{"line":62,"column":null}},"type":"binary-expr","locations":[{"start":{"line":62,"column":9},"end":{"line":62,"column":33}},{"start":{"line":62,"column":33},"end":{"line":62,"column":45}},{"start":{"line":62,"column":45},"end":{"line":62,"column":null}}],"line":62},"5":{"loc":{"start":{"line":65,"column":9},"end":{"line":65,"column":null}},"type":"binary-expr","locations":[{"start":{"line":65,"column":9},"end":{"line":65,"column":36}},{"start":{"line":65,"column":36},"end":{"line":65,"column":51}},{"start":{"line":65,"column":51},"end":{"line":65,"column":null}}],"line":65},"6":{"loc":{"start":{"line":68,"column":9},"end":{"line":68,"column":null}},"type":"binary-expr","locations":[{"start":{"line":68,"column":9},"end":{"line":68,"column":37}},{"start":{"line":68,"column":37},"end":{"line":68,"column":53}},{"start":{"line":68,"column":53},"end":{"line":68,"column":null}}],"line":68},"7":{"loc":{"start":{"line":71,"column":9},"end":{"line":71,"column":null}},"type":"binary-expr","locations":[{"start":{"line":71,"column":9},"end":{"line":71,"column":35}},{"start":{"line":71,"column":35},"end":{"line":71,"column":49}},{"start":{"line":71,"column":49},"end":{"line":71,"column":null}}],"line":71},"8":{"loc":{"start":{"line":74,"column":9},"end":{"line":74,"column":null}},"type":"binary-expr","locations":[{"start":{"line":74,"column":9},"end":{"line":74,"column":37}},{"start":{"line":74,"column":37},"end":{"line":74,"column":53}},{"start":{"line":74,"column":53},"end":{"line":74,"column":null}}],"line":74},"9":{"loc":{"start":{"line":77,"column":2},"end":{"line":79,"column":null}},"type":"if","locations":[{"start":{"line":77,"column":2},"end":{"line":79,"column":null}},{"start":{},"end":{}}],"line":77},"10":{"loc":{"start":{"line":81,"column":2},"end":{"line":83,"column":null}},"type":"if","locations":[{"start":{"line":81,"column":2},"end":{"line":83,"column":null}},{"start":{},"end":{}}],"line":81},"11":{"loc":{"start":{"line":86,"column":4},"end":{"line":88,"column":null}},"type":"binary-expr","locations":[{"start":{"line":86,"column":4},"end":{"line":86,"column":null}},{"start":{"line":87,"column":4},"end":{"line":87,"column":null}},{"start":{"line":88,"column":4},"end":{"line":88,"column":null}}],"line":86},"12":{"loc":{"start":{"line":94,"column":2},"end":{"line":96,"column":null}},"type":"if","locations":[{"start":{"line":94,"column":2},"end":{"line":96,"column":null}},{"start":{},"end":{}}],"line":94},"13":{"loc":{"start":{"line":94,"column":6},"end":{"line":94,"column":51}},"type":"binary-expr","locations":[{"start":{"line":94,"column":6},"end":{"line":94,"column":24}},{"start":{"line":94,"column":24},"end":{"line":94,"column":51}}],"line":94},"14":{"loc":{"start":{"line":99,"column":4},"end":{"line":106,"column":null}},"type":"binary-expr","locations":[{"start":{"line":99,"column":4},"end":{"line":99,"column":null}},{"start":{"line":100,"column":4},"end":{"line":100,"column":null}},{"start":{"line":101,"column":4},"end":{"line":101,"column":null}},{"start":{"line":102,"column":4},"end":{"line":102,"column":null}},{"start":{"line":103,"column":4},"end":{"line":103,"column":null}},{"start":{"line":104,"column":4},"end":{"line":104,"column":null}},{"start":{"line":105,"column":4},"end":{"line":105,"column":null}},{"start":{"line":106,"column":4},"end":{"line":106,"column":null}}],"line":99},"15":{"loc":{"start":{"line":112,"column":2},"end":{"line":114,"column":null}},"type":"if","locations":[{"start":{"line":112,"column":2},"end":{"line":114,"column":null}},{"start":{},"end":{}}],"line":112},"16":{"loc":{"start":{"line":112,"column":6},"end":{"line":112,"column":53}},"type":"binary-expr","locations":[{"start":{"line":112,"column":6},"end":{"line":112,"column":25}},{"start":{"line":112,"column":25},"end":{"line":112,"column":53}}],"line":112},"17":{"loc":{"start":{"line":117,"column":4},"end":{"line":122,"column":null}},"type":"binary-expr","locations":[{"start":{"line":117,"column":4},"end":{"line":117,"column":null}},{"start":{"line":118,"column":4},"end":{"line":118,"column":null}},{"start":{"line":119,"column":4},"end":{"line":119,"column":null}},{"start":{"line":120,"column":4},"end":{"line":120,"column":null}},{"start":{"line":121,"column":4},"end":{"line":121,"column":null}},{"start":{"line":122,"column":4},"end":{"line":122,"column":null}}],"line":117},"18":{"loc":{"start":{"line":128,"column":2},"end":{"line":130,"column":null}},"type":"if","locations":[{"start":{"line":128,"column":2},"end":{"line":130,"column":null}},{"start":{},"end":{}}],"line":128},"19":{"loc":{"start":{"line":128,"column":6},"end":{"line":128,"column":51}},"type":"binary-expr","locations":[{"start":{"line":128,"column":6},"end":{"line":128,"column":24}},{"start":{"line":128,"column":24},"end":{"line":128,"column":51}}],"line":128},"20":{"loc":{"start":{"line":133,"column":4},"end":{"line":140,"column":null}},"type":"binary-expr","locations":[{"start":{"line":133,"column":4},"end":{"line":133,"column":null}},{"start":{"line":134,"column":4},"end":{"line":134,"column":null}},{"start":{"line":135,"column":4},"end":{"line":135,"column":null}},{"start":{"line":136,"column":4},"end":{"line":136,"column":null}},{"start":{"line":137,"column":4},"end":{"line":137,"column":null}},{"start":{"line":138,"column":4},"end":{"line":138,"column":null}},{"start":{"line":139,"column":4},"end":{"line":139,"column":null}},{"start":{"line":140,"column":4},"end":{"line":140,"column":null}}],"line":133}},"s":{"0":4,"1":4,"2":4,"3":4,"4":4,"5":4,"6":10,"7":10,"8":10,"9":6,"10":169,"11":169,"12":6,"13":163,"14":9,"15":5,"16":5,"17":3,"18":3,"19":6,"20":5,"21":8,"22":4,"23":4,"24":4,"25":0,"26":4,"27":4,"28":7,"29":2,"30":5,"31":5,"32":4,"33":1,"34":3,"35":3,"36":4,"37":1,"38":3,"39":3},"f":{"0":10,"1":6,"2":169,"3":9,"4":5,"5":5,"6":3,"7":3,"8":6,"9":5,"10":8,"11":7,"12":4,"13":4},"b":{"0":[165,4],"1":[6,163],"2":[9,7,5],"3":[5,5,4],"4":[5,5,4],"5":[3,3,3],"6":[3,3,3],"7":[6,6,4],"8":[5,5,4],"9":[4,4],"10":[0,4],"11":[4,4,2],"12":[2,5],"13":[7,6],"14":[5,5,4,3,2,2,1,1],"15":[1,3],"16":[4,3],"17":[3,3,2,2,1,1],"18":[1,3],"19":[4,3],"20":[3,3,2,2,1,1,1,1]},"meta":{"lastBranch":21,"lastFunction":14,"lastStatement":40,"seen":{"s:18:26:18:Infinity":0,"s:19:23:19:Infinity":1,"s:20:23:20:Infinity":2,"s:21:51:23:Infinity":3,"s:24:46:26:Infinity":4,"s:27:50:29:Infinity":5,"f:30:16:30:31":0,"s:31:19:31:Infinity":6,"s:32:18:32:Infinity":7,"s:33:2:33:Infinity":8,"f:35:16:35:27":1,"s:36:2:41:Infinity":9,"f:43:16:43:Infinity":2,"s:49:14:49:Infinity":10,"b:49:42:49:50:49:50:49:Infinity":0,"b:50:2:52:Infinity:undefined:undefined:undefined:undefined":1,"s:50:2:52:Infinity":11,"s:51:4:51:Infinity":12,"s:53:2:53:Infinity":13,"f:55:16:55:32":3,"s:56:2:56:Infinity":14,"b:56:9:56:32:56:32:56:43:56:43:56:Infinity":2,"f:58:16:58:33":4,"s:59:2:59:Infinity":15,"b:59:9:59:34:59:34:59:47:59:47:59:Infinity":3,"f:61:16:61:35":5,"s:62:2:62:Infinity":16,"b:62:9:62:33:62:33:62:45:62:45:62:Infinity":4,"f:64:16:64:34":6,"s:65:2:65:Infinity":17,"b:65:9:65:36:65:36:65:51:65:51:65:Infinity":5,"f:67:16:67:34":7,"s:68:2:68:Infinity":18,"b:68:9:68:37:68:37:68:53:68:53:68:Infinity":6,"f:70:16:70:35":8,"s:71:2:71:Infinity":19,"b:71:9:71:35:71:35:71:49:71:49:71:Infinity":7,"f:73:16:73:33":9,"s:74:2:74:Infinity":20,"b:74:9:74:37:74:37:74:53:74:53:74:Infinity":8,"f:76:16:76:34":10,"b:77:2:79:Infinity:undefined:undefined:undefined:undefined":9,"s:77:2:79:Infinity":21,"s:78:4:78:Infinity":22,"s:80:17:80:Infinity":23,"b:81:2:83:Infinity:undefined:undefined:undefined:undefined":10,"s:81:2:83:Infinity":24,"s:82:4:82:Infinity":25,"s:84:29:84:Infinity":26,"s:85:2:88:Infinity":27,"b:86:4:86:Infinity:87:4:87:Infinity:88:4:88:Infinity":11,"f:91:16:91:Infinity":11,"b:94:2:96:Infinity:undefined:undefined:undefined:undefined":12,"s:94:2:96:Infinity":28,"b:94:6:94:24:94:24:94:51":13,"s:95:4:95:Infinity":29,"s:97:14:97:Infinity":30,"s:98:2:106:Infinity":31,"b:99:4:99:Infinity:100:4:100:Infinity:101:4:101:Infinity:102:4:102:Infinity:103:4:103:Infinity:104:4:104:Infinity:105:4:105:Infinity:106:4:106:Infinity":14,"f:109:16:109:Infinity":12,"b:112:2:114:Infinity:undefined:undefined:undefined:undefined":15,"s:112:2:114:Infinity":32,"b:112:6:112:25:112:25:112:53":16,"s:113:4:113:Infinity":33,"s:115:14:115:Infinity":34,"s:116:2:122:Infinity":35,"b:117:4:117:Infinity:118:4:118:Infinity:119:4:119:Infinity:120:4:120:Infinity:121:4:121:Infinity:122:4:122:Infinity":17,"f:125:16:125:Infinity":13,"b:128:2:130:Infinity:undefined:undefined:undefined:undefined":18,"s:128:2:130:Infinity":36,"b:128:6:128:24:128:24:128:51":19,"s:129:4:129:Infinity":37,"s:131:14:131:Infinity":38,"s:132:2:140:Infinity":39,"b:133:4:133:Infinity:134:4:134:Infinity:135:4:135:Infinity:136:4:136:Infinity:137:4:137:Infinity:138:4:138:Infinity:139:4:139:Infinity:140:4:140:Infinity":20},"fnNames":{}}}
}
